
*** Running vivado
    with args -log aes_rst_ps7_0_50M_2.vds -m64 -product Vivado -mode batch -messageDb vivado.pb -notrace -source aes_rst_ps7_0_50M_2.tcl



****** Vivado v2025.1 (64-bit)
  **** SW Build 6140274 on Thu May 22 00:12:29 MDT 2025
  **** IP Build 6138677 on Thu May 22 03:10:11 MDT 2025
  **** SharedData Build 6139179 on Tue May 20 17:58:58 MDT 2025
  **** Start of session at: Thu May 28 19:34:57 2026
    ** Copyright 1986-2022 Xilinx, Inc. All Rights Reserved.
    ** Copyright 2022-2025 Advanced Micro Devices, Inc. All Rights Reserved.

source aes_rst_ps7_0_50M_2.tcl -notrace
create_project: Time (s): cpu = 00:00:07 ; elapsed = 00:00:05 . Memory (MB): peak = 512.777 ; gain = 213.270
INFO: [IP_Flow 19-234] Refreshing IP repositories
INFO: [IP_Flow 19-1700] Loaded user IP repository 'c:/proj/rijndael/ip_repo/aes_core_1_0'.
WARNING: [IP_Flow 19-2207] Repository 'c:/proj/rijndael/ip_repo/aes_core_1_0' already exists; ignoring attempt to add it again.
INFO: [IP_Flow 19-1700] Loaded user IP repository 'c:/proj/rijndael/ip_repo/aes_core_1_0'.
WARNING: [IP_Flow 19-2207] Repository 'c:/proj/rijndael/ip_repo/aes_core_1_0' already exists; ignoring attempt to add it again.
INFO: [IP_Flow 19-1700] Loaded user IP repository 'c:/proj/rijndael/ip_repo/aes_core_1_0'.
WARNING: [IP_Flow 19-2248] Failed to load user IP repository 'c:/proj/ip_repo/aes_core_1_0'; Can't find the specified path.
If this directory should no longer be in your list of user repositories, go to the IP Settings dialog and remove it.
INFO: [IP_Flow 19-2313] Loaded Vivado IP repository 'F:/Xilinx/2025.1/Vivado/data/ip'.
Command: synth_design -top aes_rst_ps7_0_50M_2 -part xc7z007sclg400-1 -incremental_mode off -mode out_of_context
Starting synth_design
Attempting to get a license for feature 'Synthesis' and/or device 'xc7z007s'
INFO: [Common 17-349] Got license for feature 'Synthesis' and/or device 'xc7z007s'
INFO: [Device 21-403] Loading part xc7z007sclg400-1
INFO: [Synth 8-7079] Multithreading enabled for synth_design using a maximum of 2 processes.
INFO: [Synth 8-7078] Launching helper process for spawning children vivado processes
INFO: [Synth 8-7075] Helper process launched with PID 32452
---------------------------------------------------------------------------------
Starting RTL Elaboration : Time (s): cpu = 00:00:05 ; elapsed = 00:00:12 . Memory (MB): peak = 1227.008 ; gain = 492.355
---------------------------------------------------------------------------------
INFO: [Synth 8-638] synthesizing module 'aes_rst_ps7_0_50M_2' [c:/proj/rijndael/rijndael.gen/sources_1/bd/aes/ip/aes_rst_ps7_0_50M_2/synth/aes_rst_ps7_0_50M_2.vhd:74]
	Parameter C_FAMILY bound to: zynq - type: string 
	Parameter C_EXT_RST_WIDTH bound to: 4 - type: integer 
	Parameter C_AUX_RST_WIDTH bound to: 4 - type: integer 
	Parameter C_EXT_RESET_HIGH bound to: 1'b0 
	Parameter C_AUX_RESET_HIGH bound to: 1'b0 
	Parameter C_NUM_BUS_RST bound to: 1 - type: integer 
	Parameter C_NUM_PERP_RST bound to: 1 - type: integer 
	Parameter C_NUM_INTERCONNECT_ARESETN bound to: 1 - type: integer 
	Parameter C_NUM_PERP_ARESETN bound to: 1 - type: integer 
INFO: [Synth 8-3491] module 'proc_sys_reset' declared at 'c:/proj/rijndael/rijndael.gen/sources_1/bd/aes/ipshared/9438/hdl/proc_sys_reset_v5_0_vh_rfs.vhd:1243' bound to instance 'U0' of component 'proc_sys_reset' [c:/proj/rijndael/rijndael.gen/sources_1/bd/aes/ip/aes_rst_ps7_0_50M_2/synth/aes_rst_ps7_0_50M_2.vhd:139]
INFO: [Synth 8-638] synthesizing module 'proc_sys_reset' [c:/proj/rijndael/rijndael.gen/sources_1/bd/aes/ipshared/9438/hdl/proc_sys_reset_v5_0_vh_rfs.vhd:1302]
	Parameter INIT bound to: 1'b1 
INFO: [Synth 8-113] binding component instance 'FDRE_inst' to cell 'FDRE' [c:/proj/rijndael/rijndael.gen/sources_1/bd/aes/ipshared/9438/hdl/proc_sys_reset_v5_0_vh_rfs.vhd:1371]
	Parameter INIT bound to: 1'b1 
INFO: [Synth 8-113] binding component instance 'FDRE_BSR' to cell 'FDRE' [c:/proj/rijndael/rijndael.gen/sources_1/bd/aes/ipshared/9438/hdl/proc_sys_reset_v5_0_vh_rfs.vhd:1387]
	Parameter INIT bound to: 1'b0 
INFO: [Synth 8-113] binding component instance 'FDRE_BSR_N' to cell 'FDRE' [c:/proj/rijndael/rijndael.gen/sources_1/bd/aes/ipshared/9438/hdl/proc_sys_reset_v5_0_vh_rfs.vhd:1413]
	Parameter INIT bound to: 1'b1 
INFO: [Synth 8-113] binding component instance 'FDRE_PER' to cell 'FDRE' [c:/proj/rijndael/rijndael.gen/sources_1/bd/aes/ipshared/9438/hdl/proc_sys_reset_v5_0_vh_rfs.vhd:1436]
	Parameter INIT bound to: 1'b0 
INFO: [Synth 8-113] binding component instance 'FDRE_PER_N' to cell 'FDRE' [c:/proj/rijndael/rijndael.gen/sources_1/bd/aes/ipshared/9438/hdl/proc_sys_reset_v5_0_vh_rfs.vhd:1460]
INFO: [Synth 8-638] synthesizing module 'lpf' [c:/proj/rijndael/rijndael.gen/sources_1/bd/aes/ipshared/9438/hdl/proc_sys_reset_v5_0_vh_rfs.vhd:821]
INFO: [Synth 8-3491] module 'SRL16' declared at 'F:/Xilinx/2025.1/Vivado/scripts/rt/data/unisim_comp.v:158596' bound to instance 'POR_SRL_I' of component 'SRL16' [c:/proj/rijndael/rijndael.gen/sources_1/bd/aes/ipshared/9438/hdl/proc_sys_reset_v5_0_vh_rfs.vhd:873]
INFO: [Synth 8-6157] synthesizing module 'SRL16' [F:/Xilinx/2025.1/Vivado/scripts/rt/data/unisim_comp.v:158596]
INFO: [Synth 8-6155] done synthesizing module 'SRL16' (0#1) [F:/Xilinx/2025.1/Vivado/scripts/rt/data/unisim_comp.v:158596]
	Parameter DEST_SYNC_FF bound to: 4 - type: integer 
	Parameter INIT_SYNC_FF bound to: 0 - type: integer 
	Parameter SIM_ASSERT_CHK bound to: 0 - type: integer 
	Parameter SRC_INPUT_REG bound to: 0 - type: integer 
INFO: [Synth 8-3491] module 'xpm_cdc_single' declared at 'F:/Xilinx/2025.1/Vivado/data/ip/xpm/xpm_cdc/hdl/xpm_cdc.sv:152' bound to instance 'ACT_LO_EXT' of component 'xpm_cdc_single' [c:/proj/rijndael/rijndael.gen/sources_1/bd/aes/ipshared/9438/hdl/proc_sys_reset_v5_0_vh_rfs.vhd:968]
INFO: [Synth 8-6157] synthesizing module 'xpm_cdc_single' [F:/Xilinx/2025.1/Vivado/data/ip/xpm/xpm_cdc/hdl/xpm_cdc.sv:152]
INFO: [Synth 8-6155] done synthesizing module 'xpm_cdc_single' (0#1) [F:/Xilinx/2025.1/Vivado/data/ip/xpm/xpm_cdc/hdl/xpm_cdc.sv:152]
	Parameter DEST_SYNC_FF bound to: 4 - type: integer 
	Parameter INIT_SYNC_FF bound to: 0 - type: integer 
	Parameter SIM_ASSERT_CHK bound to: 0 - type: integer 
	Parameter SRC_INPUT_REG bound to: 0 - type: integer 
INFO: [Synth 8-3491] module 'xpm_cdc_single' declared at 'F:/Xilinx/2025.1/Vivado/data/ip/xpm/xpm_cdc/hdl/xpm_cdc.sv:152' bound to instance 'ACT_LO_AUX' of component 'xpm_cdc_single' [c:/proj/rijndael/rijndael.gen/sources_1/bd/aes/ipshared/9438/hdl/proc_sys_reset_v5_0_vh_rfs.vhd:1015]
INFO: [Synth 8-256] done synthesizing module 'lpf' (0#1) [c:/proj/rijndael/rijndael.gen/sources_1/bd/aes/ipshared/9438/hdl/proc_sys_reset_v5_0_vh_rfs.vhd:821]
INFO: [Synth 8-638] synthesizing module 'sequence_psr' [c:/proj/rijndael/rijndael.gen/sources_1/bd/aes/ipshared/9438/hdl/proc_sys_reset_v5_0_vh_rfs.vhd:304]
INFO: [Synth 8-638] synthesizing module 'upcnt_n' [c:/proj/rijndael/rijndael.gen/sources_1/bd/aes/ipshared/9438/hdl/proc_sys_reset_v5_0_vh_rfs.vhd:126]
INFO: [Synth 8-256] done synthesizing module 'upcnt_n' (0#1) [c:/proj/rijndael/rijndael.gen/sources_1/bd/aes/ipshared/9438/hdl/proc_sys_reset_v5_0_vh_rfs.vhd:126]
INFO: [Synth 8-256] done synthesizing module 'sequence_psr' (0#1) [c:/proj/rijndael/rijndael.gen/sources_1/bd/aes/ipshared/9438/hdl/proc_sys_reset_v5_0_vh_rfs.vhd:304]
INFO: [Synth 8-256] done synthesizing module 'proc_sys_reset' (0#1) [c:/proj/rijndael/rijndael.gen/sources_1/bd/aes/ipshared/9438/hdl/proc_sys_reset_v5_0_vh_rfs.vhd:1302]
INFO: [Synth 8-256] done synthesizing module 'aes_rst_ps7_0_50M_2' (0#1) [c:/proj/rijndael/rijndael.gen/sources_1/bd/aes/ip/aes_rst_ps7_0_50M_2/synth/aes_rst_ps7_0_50M_2.vhd:74]
WARNING: [Synth 8-7129] Port src_clk in module xpm_cdc_single is either unconnected or has no load
---------------------------------------------------------------------------------
Finished RTL Elaboration : Time (s): cpu = 00:00:07 ; elapsed = 00:00:14 . Memory (MB): peak = 1340.301 ; gain = 605.648
---------------------------------------------------------------------------------
---------------------------------------------------------------------------------
Start Handling Custom Attributes
---------------------------------------------------------------------------------
---------------------------------------------------------------------------------
Finished Handling Custom Attributes : Time (s): cpu = 00:00:07 ; elapsed = 00:00:14 . Memory (MB): peak = 1340.301 ; gain = 605.648
---------------------------------------------------------------------------------
---------------------------------------------------------------------------------
Finished RTL Optimization Phase 1 : Time (s): cpu = 00:00:07 ; elapsed = 00:00:14 . Memory (MB): peak = 1340.301 ; gain = 605.648
---------------------------------------------------------------------------------
Netlist sorting complete. Time (s): cpu = 00:00:00 ; elapsed = 00:00:00 . Memory (MB): peak = 1340.301 ; gain = 0.000
INFO: [Netlist 29-17] Analyzing 1 Unisim elements for replacement
INFO: [Netlist 29-28] Unisim Transformation completed in 0 CPU seconds
INFO: [Project 1-570] Preparing netlist for logic optimization

Processing XDC Constraints
Initializing timing engine
Parsing XDC File [c:/proj/rijndael/rijndael.gen/sources_1/bd/aes/ip/aes_rst_ps7_0_50M_2/aes_rst_ps7_0_50M_2_ooc.xdc] for cell 'U0'
Finished Parsing XDC File [c:/proj/rijndael/rijndael.gen/sources_1/bd/aes/ip/aes_rst_ps7_0_50M_2/aes_rst_ps7_0_50M_2_ooc.xdc] for cell 'U0'
Parsing XDC File [c:/proj/rijndael/rijndael.gen/sources_1/bd/aes/ip/aes_rst_ps7_0_50M_2/aes_rst_ps7_0_50M_2_board.xdc] for cell 'U0'
Finished Parsing XDC File [c:/proj/rijndael/rijndael.gen/sources_1/bd/aes/ip/aes_rst_ps7_0_50M_2/aes_rst_ps7_0_50M_2_board.xdc] for cell 'U0'
Parsing XDC File [C:/proj/rijndael/rijndael.runs/aes_rst_ps7_0_50M_2_synth_1/dont_touch.xdc]
Finished Parsing XDC File [C:/proj/rijndael/rijndael.runs/aes_rst_ps7_0_50M_2_synth_1/dont_touch.xdc]
INFO: [Project 1-236] Implementation specific constraints were found while reading constraint file [F:/Xilinx/2025.1/Vivado/data/ip/xpm/xpm_cdc/tcl/xpm_cdc_single.tcl]. These constraints will be ignored for synthesis but will be used in implementation. Impacted constraints are listed in the file [.Xil/aes_rst_ps7_0_50M_2_propImpl.xdc].
Resolution: To avoid this warning, move constraints listed in [.Xil/aes_rst_ps7_0_50M_2_propImpl.xdc] to another XDC file and exclude this new file from synthesis with the used_in_synthesis property (File Properties dialog in GUI) and re-run elaboration/synthesis.
INFO: [Project 1-1714] 2 XPM XDC files have been applied to the design.
Completed Processing XDC Constraints

Netlist sorting complete. Time (s): cpu = 00:00:00 ; elapsed = 00:00:00.001 . Memory (MB): peak = 1414.137 ; gain = 0.000
INFO: [Project 1-111] Unisim Transformation Summary:
  A total of 1 instances were transformed.
  SRL16 => SRL16E: 1 instance 

Constraint Validation Runtime : Time (s): cpu = 00:00:00 ; elapsed = 00:00:00.276 . Memory (MB): peak = 1415.152 ; gain = 1.016
INFO: [Designutils 20-5008] Incremental synthesis strategy off
---------------------------------------------------------------------------------
Finished Constraint Validation : Time (s): cpu = 00:00:13 ; elapsed = 00:00:28 . Memory (MB): peak = 1415.152 ; gain = 680.500
---------------------------------------------------------------------------------
---------------------------------------------------------------------------------
Start Loading Part and Timing Information
---------------------------------------------------------------------------------
Loading part: xc7z007sclg400-1
---------------------------------------------------------------------------------
Finished Loading Part and Timing Information : Time (s): cpu = 00:00:13 ; elapsed = 00:00:28 . Memory (MB): peak = 1415.152 ; gain = 680.500
---------------------------------------------------------------------------------
---------------------------------------------------------------------------------
Start Applying 'set_property' XDC Constraints
---------------------------------------------------------------------------------
---------------------------------------------------------------------------------
Finished applying 'set_property' XDC Constraints : Time (s): cpu = 00:00:13 ; elapsed = 00:00:28 . Memory (MB): peak = 1415.152 ; gain = 680.500
---------------------------------------------------------------------------------
---------------------------------------------------------------------------------
Finished RTL Optimization Phase 2 : Time (s): cpu = 00:00:13 ; elapsed = 00:00:29 . Memory (MB): peak = 1415.152 ; gain = 680.500
---------------------------------------------------------------------------------
---------------------------------------------------------------------------------
Start RTL Component Statistics 
---------------------------------------------------------------------------------
Detailed RTL Component Info : 
+---Adders : 
	   2 Input    6 Bit       Adders := 1     
+---Registers : 
	                6 Bit    Registers := 1     
	                4 Bit    Registers := 2     
	                3 Bit    Registers := 3     
	                1 Bit    Registers := 14    
+---Muxes : 
	   2 Input    6 Bit        Muxes := 1     
	   2 Input    1 Bit        Muxes := 1     
---------------------------------------------------------------------------------
Finished RTL Component Statistics 
---------------------------------------------------------------------------------
---------------------------------------------------------------------------------
Start Part Resource Summary
---------------------------------------------------------------------------------
Part Resources:
DSPs: 66 (col length:40)
BRAMs: 100 (col length: RAMB18 40 RAMB36 20)
---------------------------------------------------------------------------------
Finished Part Resource Summary
---------------------------------------------------------------------------------
---------------------------------------------------------------------------------
Start Cross Boundary and Area Optimization
---------------------------------------------------------------------------------
WARNING: [Synth 8-7080] Parallel synthesis criteria is not met
WARNING: [Synth 8-7129] Port src_clk in module xpm_cdc_single is either unconnected or has no load
---------------------------------------------------------------------------------
Finished Cross Boundary and Area Optimization : Time (s): cpu = 00:00:15 ; elapsed = 00:00:30 . Memory (MB): peak = 1415.152 ; gain = 680.500
---------------------------------------------------------------------------------
---------------------------------------------------------------------------------
Start Applying XDC Timing Constraints
---------------------------------------------------------------------------------
---------------------------------------------------------------------------------
Finished Applying XDC Timing Constraints : Time (s): cpu = 00:00:19 ; elapsed = 00:00:34 . Memory (MB): peak = 1544.254 ; gain = 809.602
---------------------------------------------------------------------------------
---------------------------------------------------------------------------------
Start Timing Optimization
---------------------------------------------------------------------------------
---------------------------------------------------------------------------------
Finished Timing Optimization : Time (s): cpu = 00:00:19 ; elapsed = 00:00:34 . Memory (MB): peak = 1544.254 ; gain = 809.602
---------------------------------------------------------------------------------
---------------------------------------------------------------------------------
Start Technology Mapping
---------------------------------------------------------------------------------
---------------------------------------------------------------------------------
Finished Technology Mapping : Time (s): cpu = 00:00:19 ; elapsed = 00:00:34 . Memory (MB): peak = 1572.867 ; gain = 838.215
---------------------------------------------------------------------------------
---------------------------------------------------------------------------------
Start IO Insertion
---------------------------------------------------------------------------------
---------------------------------------------------------------------------------
Start Flattening Before IO Insertion
---------------------------------------------------------------------------------
---------------------------------------------------------------------------------
Finished Flattening Before IO Insertion
---------------------------------------------------------------------------------
---------------------------------------------------------------------------------
Start Final Netlist Cleanup
---------------------------------------------------------------------------------
---------------------------------------------------------------------------------
Finished Final Netlist Cleanup
---------------------------------------------------------------------------------
---------------------------------------------------------------------------------
Finished IO Insertion : Time (s): cpu = 00:00:22 ; elapsed = 00:00:37 . Memory (MB): peak = 1789.180 ; gain = 1054.527
---------------------------------------------------------------------------------
---------------------------------------------------------------------------------
Start Renaming Generated Instances
---------------------------------------------------------------------------------
---------------------------------------------------------------------------------
Finished Renaming Generated Instances : Time (s): cpu = 00:00:22 ; elapsed = 00:00:37 . Memory (MB): peak = 1789.180 ; gain = 1054.527
---------------------------------------------------------------------------------
---------------------------------------------------------------------------------
Start Rebuilding User Hierarchy
---------------------------------------------------------------------------------
---------------------------------------------------------------------------------
Finished Rebuilding User Hierarchy : Time (s): cpu = 00:00:22 ; elapsed = 00:00:37 . Memory (MB): peak = 1789.180 ; gain = 1054.527
---------------------------------------------------------------------------------
---------------------------------------------------------------------------------
Start Renaming Generated Ports
---------------------------------------------------------------------------------
---------------------------------------------------------------------------------
Finished Renaming Generated Ports : Time (s): cpu = 00:00:22 ; elapsed = 00:00:37 . Memory (MB): peak = 1789.180 ; gain = 1054.527
---------------------------------------------------------------------------------
---------------------------------------------------------------------------------
Start Handling Custom Attributes
---------------------------------------------------------------------------------
---------------------------------------------------------------------------------
Finished Handling Custom Attributes : Time (s): cpu = 00:00:22 ; elapsed = 00:00:37 . Memory (MB): peak = 1789.180 ; gain = 1054.527
---------------------------------------------------------------------------------
---------------------------------------------------------------------------------
Start Renaming Generated Nets
---------------------------------------------------------------------------------
---------------------------------------------------------------------------------
Finished Renaming Generated Nets : Time (s): cpu = 00:00:22 ; elapsed = 00:00:37 . Memory (MB): peak = 1789.180 ; gain = 1054.527
---------------------------------------------------------------------------------
---------------------------------------------------------------------------------
Start Writing Synthesis Report
---------------------------------------------------------------------------------

Report BlackBoxes: 
+-+--------------+----------+
| |BlackBox name |Instances |
+-+--------------+----------+
+-+--------------+----------+

Report Cell Usage: 
+------+------+------+
|      |Cell  |Count |
+------+------+------+
|1     |LUT1  |     5|
|2     |LUT2  |     9|
|3     |LUT3  |     1|
|4     |LUT4  |     6|
|5     |LUT5  |     3|
|6     |LUT6  |     1|
|7     |SRL16 |     1|
|8     |FDRE  |    36|
|9     |FDSE  |     4|
+------+------+------+
---------------------------------------------------------------------------------
Finished Writing Synthesis Report : Time (s): cpu = 00:00:22 ; elapsed = 00:00:37 . Memory (MB): peak = 1789.180 ; gain = 1054.527
---------------------------------------------------------------------------------
Synthesis finished with 0 errors, 0 critical warnings and 2 warnings.
Synthesis Optimization Runtime : Time (s): cpu = 00:00:14 ; elapsed = 00:00:29 . Memory (MB): peak = 1789.180 ; gain = 979.676
Synthesis Optimization Complete : Time (s): cpu = 00:00:22 ; elapsed = 00:00:37 . Memory (MB): peak = 1789.180 ; gain = 1054.527
INFO: [Project 1-571] Translating synthesized netlist
Netlist sorting complete. Time (s): cpu = 00:00:00 ; elapsed = 00:00:00 . Memory (MB): peak = 1789.180 ; gain = 0.000
INFO: [Netlist 29-17] Analyzing 1 Unisim elements for replacement
INFO: [Netlist 29-28] Unisim Transformation completed in 0 CPU seconds
INFO: [Project 1-570] Preparing netlist for logic optimization
INFO: [Opt 31-138] Pushed 0 inverter(s) to 0 load pin(s).
Netlist sorting complete. Time (s): cpu = 00:00:00 ; elapsed = 00:00:00 . Memory (MB): peak = 1793.336 ; gain = 0.000
INFO: [Project 1-111] Unisim Transformation Summary:
  A total of 1 instances were transformed.
  SRL16 => SRL16E: 1 instance 

Synth Design complete | Checksum: 371ea9ac
INFO: [Common 17-83] Releasing license: Synthesis
47 Infos, 6 Warnings, 0 Critical Warnings and 0 Errors encountered.
synth_design completed successfully
synth_design: Time (s): cpu = 00:00:25 ; elapsed = 00:00:46 . Memory (MB): peak = 1793.336 ; gain = 1264.559
Write ShapeDB Complete: Time (s): cpu = 00:00:00 ; elapsed = 00:00:00.001 . Memory (MB): peak = 1793.336 ; gain = 0.000
INFO: [Common 17-1381] The checkpoint 'C:/proj/rijndael/rijndael.runs/aes_rst_ps7_0_50M_2_synth_1/aes_rst_ps7_0_50M_2.dcp' has been generated.
INFO: [Coretcl 2-1648] Added synthesis output to IP cache for IP aes_rst_ps7_0_50M_2, cache-ID = f3f390770230bcae
INFO: [Coretcl 2-1174] Renamed 6 cell refs.
Write ShapeDB Complete: Time (s): cpu = 00:00:00 ; elapsed = 00:00:00 . Memory (MB): peak = 1793.336 ; gain = 0.000
INFO: [Common 17-1381] The checkpoint 'C:/proj/rijndael/rijndael.runs/aes_rst_ps7_0_50M_2_synth_1/aes_rst_ps7_0_50M_2.dcp' has been generated.
INFO: [Vivado 12-24828] Executing command : report_utilization -file aes_rst_ps7_0_50M_2_utilization_synth.rpt -pb aes_rst_ps7_0_50M_2_utilization_synth.pb
INFO: [Common 17-206] Exiting Vivado at Thu May 28 19:35:59 2026...
