Copyright 1986-2022 Xilinx, Inc. All Rights Reserved. Copyright 2022-2025 Advanced Micro Devices, Inc. All Rights Reserved.
---------------------------------------------------------------------------------------------------------------------------------------------
| Tool Version : Vivado v.2025.1 (win64) Build 6140274 Thu May 22 00:12:29 MDT 2025
| Date         : Fri May 29 15:08:32 2026
| Host         : convolution running 64-bit major release  (build 9200)
| Command      : report_control_sets -verbose -file aes_wrapper_control_sets_placed.rpt
| Design       : aes_wrapper
| Device       : xc7z007s
---------------------------------------------------------------------------------------------------------------------------------------------

Control Set Information

Table of Contents
-----------------
1. Summary
2. Histogram
3. Flip-Flop Distribution
4. Detailed Control Set Information

1. Summary
----------

+----------------------------------------------------------+-------+
|                          Status                          | Count |
+----------------------------------------------------------+-------+
| Total control sets                                       |    90 |
|    Minimum number of control sets                        |    90 |
|    Addition due to synthesis replication                 |     0 |
|    Addition due to physical synthesis replication        |     0 |
| Unused register locations in slices containing registers |   170 |
+----------------------------------------------------------+-------+
* Control sets can be merged at opt_design using control_set_merge or merge_equivalent_drivers
** Run report_qor_suggestions for automated merging and remapping suggestions


2. Histogram
------------

+--------------------+-------+
|       Fanout       | Count |
+--------------------+-------+
| Total control sets |    90 |
| >= 0 to < 4        |    14 |
| >= 4 to < 6        |     7 |
| >= 6 to < 8        |     2 |
| >= 8 to < 10       |    49 |
| >= 10 to < 12      |     1 |
| >= 12 to < 14      |     5 |
| >= 14 to < 16      |     0 |
| >= 16              |    12 |
+--------------------+-------+
* Control sets can be remapped at either synth_design or opt_design


3. Flip-Flop Distribution
-------------------------

+--------------+-----------------------+------------------------+-----------------+--------------+
| Clock Enable | Synchronous Set/Reset | Asynchronous Set/Reset | Total Registers | Total Slices |
+--------------+-----------------------+------------------------+-----------------+--------------+
| No           | No                    | No                     |             137 |           55 |
| No           | No                    | Yes                    |              27 |            9 |
| No           | Yes                   | No                     |            2000 |          800 |
| Yes          | No                    | No                     |             232 |           85 |
| Yes          | No                    | Yes                    |               0 |            0 |
| Yes          | Yes                   | No                     |             522 |          145 |
+--------------+-----------------------+------------------------+-----------------+--------------+


4. Detailed Control Set Information
-----------------------------------

+--------------------------------------------+--------------------------------------------------------------------------------------------------------------------------------------------------------------+-----------------------------------------------------------------------------------------------------------------+------------------+----------------+--------------+
|                Clock Signal                |                                                                         Enable Signal                                                                        |                                                 Set/Reset Signal                                                | Slice Load Count | Bel Load Count | Bels / Slice |
+--------------------------------------------+--------------------------------------------------------------------------------------------------------------------------------------------------------------+-----------------------------------------------------------------------------------------------------------------+------------------+----------------+--------------+
|  aes_i/processing_system7_0/inst/FCLK_CLK0 |                                                                                                                                                              | aes_i/axi_smc/inst/s00_nodes/s00_ar_node/inst/s_sc_areset_pipe                                                  |                1 |              1 |         1.00 |
|  aes_i/processing_system7_0/inst/FCLK_CLK0 |                                                                                                                                                              | aes_i/axi_smc/inst/s00_nodes/s00_aw_node/inst/s_sc_areset_pipe                                                  |                1 |              1 |         1.00 |
|  aes_i/processing_system7_0/inst/FCLK_CLK0 |                                                                                                                                                              | aes_i/axi_smc/inst/s00_nodes/s00_b_node/inst/s_sc_areset_pipe                                                   |                1 |              1 |         1.00 |
|  aes_i/processing_system7_0/inst/FCLK_CLK0 |                                                                                                                                                              | aes_i/axi_smc/inst/s00_nodes/s00_r_node/inst/s_sc_areset_pipe                                                   |                1 |              1 |         1.00 |
|  aes_i/processing_system7_0/inst/FCLK_CLK0 |                                                                                                                                                              | aes_i/axi_smc/inst/s00_nodes/s00_w_node/inst/s_sc_areset_pipe                                                   |                1 |              1 |         1.00 |
|  aes_i/processing_system7_0/inst/FCLK_CLK0 |                                                                                                                                                              | aes_i/axi_smc/inst/m00_exit_pipeline/m00_exit/inst/xpm_cdc_async_rst_inst/reset_pol                             |                1 |              3 |         3.00 |
|  aes_i/processing_system7_0/inst/FCLK_CLK0 |                                                                                                                                                              | aes_i/axi_smc/inst/s00_entry_pipeline/s00_mmu/inst/xpm_cdc_async_rst_inst/reset_pol                             |                1 |              3 |         3.00 |
|  aes_i/processing_system7_0/inst/FCLK_CLK0 |                                                                                                                                                              | aes_i/axi_smc/inst/s00_entry_pipeline/s00_si_converter/inst/xpm_cdc_async_rst_inst/reset_pol                    |                1 |              3 |         3.00 |
|  aes_i/processing_system7_0/inst/FCLK_CLK0 |                                                                                                                                                              | aes_i/axi_smc/inst/s00_entry_pipeline/s00_transaction_regulator/inst/xpm_cdc_async_rst_inst/reset_pol           |                1 |              3 |         3.00 |
|  aes_i/processing_system7_0/inst/FCLK_CLK0 |                                                                                                                                                              | aes_i/axi_smc/inst/s00_nodes/s00_ar_node/inst/s_sc_xpm_cdc_async_rst_inst/reset_pol                             |                1 |              3 |         3.00 |
|  aes_i/processing_system7_0/inst/FCLK_CLK0 |                                                                                                                                                              | aes_i/axi_smc/inst/s00_nodes/s00_aw_node/inst/s_sc_xpm_cdc_async_rst_inst/reset_pol                             |                1 |              3 |         3.00 |
|  aes_i/processing_system7_0/inst/FCLK_CLK0 |                                                                                                                                                              | aes_i/axi_smc/inst/s00_nodes/s00_b_node/inst/s_sc_xpm_cdc_async_rst_inst/reset_pol                              |                1 |              3 |         3.00 |
|  aes_i/processing_system7_0/inst/FCLK_CLK0 |                                                                                                                                                              | aes_i/axi_smc/inst/s00_nodes/s00_r_node/inst/s_sc_xpm_cdc_async_rst_inst/reset_pol                              |                1 |              3 |         3.00 |
|  aes_i/processing_system7_0/inst/FCLK_CLK0 |                                                                                                                                                              | aes_i/axi_smc/inst/s00_nodes/s00_w_node/inst/s_sc_xpm_cdc_async_rst_inst/reset_pol                              |                1 |              3 |         3.00 |
|  aes_i/processing_system7_0/inst/FCLK_CLK0 | aes_i/axi_smc/inst/s00_nodes/s00_ar_node/inst/inst_mi_handler/gen_normal_area.inst_fifo_node_payld/gen_reg_fifo.inst_reg_fifo/gen_single_rank.inst_cntr/E[0] |                                                                                                                 |                1 |              4 |         4.00 |
|  aes_i/processing_system7_0/inst/FCLK_CLK0 | aes_i/aes_core_0/inst/aes_core_slave_lite_v1_0_S00_AXI_inst/axi_araddr[5]_i_1_n_0                                                                            |                                                                                                                 |                1 |              4 |         4.00 |
|  aes_i/processing_system7_0/inst/FCLK_CLK0 |                                                                                                                                                              | aes_i/axi_smc/inst/clk_map/psr_aclk/U0/EXT_LPF/lpf_int                                                          |                1 |              4 |         4.00 |
|  aes_i/processing_system7_0/inst/FCLK_CLK0 |                                                                                                                                                              | aes_i/rst_ps7_0_50M/U0/EXT_LPF/lpf_int                                                                          |                2 |              4 |         2.00 |
|  aes_i/processing_system7_0/inst/FCLK_CLK0 | aes_i/axi_smc/inst/s00_entry_pipeline/s00_si_converter/inst/gen_axilite_conv.axilite_conv_inst/r_state                                                       | aes_i/axi_smc/inst/s00_entry_pipeline/s00_si_converter/inst/areset                                              |                1 |              4 |         4.00 |
|  aes_i/processing_system7_0/inst/FCLK_CLK0 | aes_i/aes_core_0/inst/aes_core_slave_lite_v1_0_S00_AXI_inst/axi_awaddr                                                                                       | aes_i/aes_core_0/inst/aes_core_slave_lite_v1_0_S00_AXI_inst/aes_bridge_inst/aes_inst/final_round/SR[0]          |                1 |              4 |         4.00 |
|  aes_i/processing_system7_0/inst/FCLK_CLK0 | aes_i/axi_smc/inst/s00_nodes/s00_aw_node/inst/inst_mi_handler/gen_normal_area.inst_fifo_node_payld/gen_reg_fifo.inst_reg_fifo/gen_single_rank.inst_cntr/E[0] |                                                                                                                 |                2 |              4 |         2.00 |
|  aes_i/processing_system7_0/inst/FCLK_CLK0 | aes_i/axi_smc/inst/clk_map/psr_aclk/U0/SEQ/seq_cnt_en                                                                                                        | aes_i/axi_smc/inst/clk_map/psr_aclk/U0/SEQ/SEQ_COUNTER/clear                                                    |                1 |              6 |         6.00 |
|  aes_i/processing_system7_0/inst/FCLK_CLK0 | aes_i/rst_ps7_0_50M/U0/SEQ/seq_cnt_en                                                                                                                        | aes_i/rst_ps7_0_50M/U0/SEQ/SEQ_COUNTER/clear                                                                    |                1 |              6 |         6.00 |
|  aes_i/processing_system7_0/inst/FCLK_CLK0 | aes_i/aes_core_0/inst/aes_core_slave_lite_v1_0_S00_AXI_inst/slv_reg10[15]_i_1_n_0                                                                            | aes_i/aes_core_0/inst/aes_core_slave_lite_v1_0_S00_AXI_inst/aes_bridge_inst/aes_inst/final_round/SR[0]          |                2 |              8 |         4.00 |
|  aes_i/processing_system7_0/inst/FCLK_CLK0 | aes_i/aes_core_0/inst/aes_core_slave_lite_v1_0_S00_AXI_inst/slv_reg8[15]_i_1_n_0                                                                             | aes_i/aes_core_0/inst/aes_core_slave_lite_v1_0_S00_AXI_inst/aes_bridge_inst/aes_inst/final_round/SR[0]          |                1 |              8 |         8.00 |
|  aes_i/processing_system7_0/inst/FCLK_CLK0 | aes_i/axi_smc/inst/s00_entry_pipeline/s00_si_converter/inst/gen_axilite_conv.axilite_conv_inst/ar_cnt[7]_i_1_n_0                                             | aes_i/axi_smc/inst/s00_entry_pipeline/s00_si_converter/inst/areset                                              |                3 |              8 |         2.67 |
|  aes_i/processing_system7_0/inst/FCLK_CLK0 | aes_i/aes_core_0/inst/aes_core_slave_lite_v1_0_S00_AXI_inst/slv_reg12[7]_i_1_n_0                                                                             | aes_i/aes_core_0/inst/aes_core_slave_lite_v1_0_S00_AXI_inst/aes_bridge_inst/aes_inst/final_round/SR[0]          |                2 |              8 |         4.00 |
|  aes_i/processing_system7_0/inst/FCLK_CLK0 | aes_i/axi_smc/inst/s00_entry_pipeline/s00_si_converter/inst/gen_axilite_conv.axilite_conv_inst/r_beats[7]_i_1_n_0                                            | aes_i/axi_smc/inst/s00_entry_pipeline/s00_si_converter/inst/areset                                              |                3 |              8 |         2.67 |
|  aes_i/processing_system7_0/inst/FCLK_CLK0 | aes_i/axi_smc/inst/s00_entry_pipeline/s00_mmu/inst/gen_endpoint.decerr_slave_inst/gen_axi.gen_read.read_cnt[7]_i_1_n_0                                       | aes_i/axi_smc/inst/s00_entry_pipeline/s00_mmu/inst/areset                                                       |                2 |              8 |         4.00 |
|  aes_i/processing_system7_0/inst/FCLK_CLK0 | aes_i/aes_core_0/inst/aes_core_slave_lite_v1_0_S00_AXI_inst/slv_reg0[15]_i_1_n_0                                                                             | aes_i/aes_core_0/inst/aes_core_slave_lite_v1_0_S00_AXI_inst/aes_bridge_inst/aes_inst/final_round/SR[0]          |                1 |              8 |         8.00 |
|  aes_i/processing_system7_0/inst/FCLK_CLK0 | aes_i/aes_core_0/inst/aes_core_slave_lite_v1_0_S00_AXI_inst/slv_reg0[31]_i_1_n_0                                                                             | aes_i/aes_core_0/inst/aes_core_slave_lite_v1_0_S00_AXI_inst/aes_bridge_inst/aes_inst/final_round/SR[0]          |                3 |              8 |         2.67 |
|  aes_i/processing_system7_0/inst/FCLK_CLK0 | aes_i/aes_core_0/inst/aes_core_slave_lite_v1_0_S00_AXI_inst/slv_reg0[23]_i_1_n_0                                                                             | aes_i/aes_core_0/inst/aes_core_slave_lite_v1_0_S00_AXI_inst/aes_bridge_inst/aes_inst/final_round/SR[0]          |                2 |              8 |         4.00 |
|  aes_i/processing_system7_0/inst/FCLK_CLK0 | aes_i/aes_core_0/inst/aes_core_slave_lite_v1_0_S00_AXI_inst/slv_reg1[15]_i_1_n_0                                                                             | aes_i/aes_core_0/inst/aes_core_slave_lite_v1_0_S00_AXI_inst/aes_bridge_inst/aes_inst/final_round/SR[0]          |                2 |              8 |         4.00 |
|  aes_i/processing_system7_0/inst/FCLK_CLK0 | aes_i/aes_core_0/inst/aes_core_slave_lite_v1_0_S00_AXI_inst/slv_reg10[31]_i_1_n_0                                                                            | aes_i/aes_core_0/inst/aes_core_slave_lite_v1_0_S00_AXI_inst/aes_bridge_inst/aes_inst/final_round/SR[0]          |                1 |              8 |         8.00 |
|  aes_i/processing_system7_0/inst/FCLK_CLK0 | aes_i/aes_core_0/inst/aes_core_slave_lite_v1_0_S00_AXI_inst/slv_reg13[15]_i_1_n_0                                                                            | aes_i/aes_core_0/inst/aes_core_slave_lite_v1_0_S00_AXI_inst/aes_bridge_inst/aes_inst/final_round/SR[0]          |                3 |              8 |         2.67 |
|  aes_i/processing_system7_0/inst/FCLK_CLK0 | aes_i/aes_core_0/inst/aes_core_slave_lite_v1_0_S00_AXI_inst/slv_reg13[23]_i_1_n_0                                                                            | aes_i/aes_core_0/inst/aes_core_slave_lite_v1_0_S00_AXI_inst/aes_bridge_inst/aes_inst/final_round/SR[0]          |                2 |              8 |         4.00 |
|  aes_i/processing_system7_0/inst/FCLK_CLK0 | aes_i/aes_core_0/inst/aes_core_slave_lite_v1_0_S00_AXI_inst/slv_reg14[7]_i_1_n_0                                                                             | aes_i/aes_core_0/inst/aes_core_slave_lite_v1_0_S00_AXI_inst/aes_bridge_inst/aes_inst/final_round/SR[0]          |                1 |              8 |         8.00 |
|  aes_i/processing_system7_0/inst/FCLK_CLK0 | aes_i/aes_core_0/inst/aes_core_slave_lite_v1_0_S00_AXI_inst/slv_reg15[15]_i_1_n_0                                                                            | aes_i/aes_core_0/inst/aes_core_slave_lite_v1_0_S00_AXI_inst/aes_bridge_inst/aes_inst/final_round/SR[0]          |                2 |              8 |         4.00 |
|  aes_i/processing_system7_0/inst/FCLK_CLK0 | aes_i/aes_core_0/inst/aes_core_slave_lite_v1_0_S00_AXI_inst/slv_reg2[15]_i_1_n_0                                                                             | aes_i/aes_core_0/inst/aes_core_slave_lite_v1_0_S00_AXI_inst/aes_bridge_inst/aes_inst/final_round/SR[0]          |                2 |              8 |         4.00 |
|  aes_i/processing_system7_0/inst/FCLK_CLK0 | aes_i/aes_core_0/inst/aes_core_slave_lite_v1_0_S00_AXI_inst/slv_reg10[7]_i_1_n_0                                                                             | aes_i/aes_core_0/inst/aes_core_slave_lite_v1_0_S00_AXI_inst/aes_bridge_inst/aes_inst/final_round/SR[0]          |                2 |              8 |         4.00 |
|  aes_i/processing_system7_0/inst/FCLK_CLK0 | aes_i/aes_core_0/inst/aes_core_slave_lite_v1_0_S00_AXI_inst/slv_reg15[7]_i_1_n_0                                                                             | aes_i/aes_core_0/inst/aes_core_slave_lite_v1_0_S00_AXI_inst/aes_bridge_inst/aes_inst/final_round/SR[0]          |                2 |              8 |         4.00 |
|  aes_i/processing_system7_0/inst/FCLK_CLK0 | aes_i/aes_core_0/inst/aes_core_slave_lite_v1_0_S00_AXI_inst/slv_reg12[31]_i_1_n_0                                                                            | aes_i/aes_core_0/inst/aes_core_slave_lite_v1_0_S00_AXI_inst/aes_bridge_inst/aes_inst/final_round/SR[0]          |                2 |              8 |         4.00 |
|  aes_i/processing_system7_0/inst/FCLK_CLK0 | aes_i/aes_core_0/inst/aes_core_slave_lite_v1_0_S00_AXI_inst/slv_reg14[15]_i_1_n_0                                                                            | aes_i/aes_core_0/inst/aes_core_slave_lite_v1_0_S00_AXI_inst/aes_bridge_inst/aes_inst/final_round/SR[0]          |                3 |              8 |         2.67 |
|  aes_i/processing_system7_0/inst/FCLK_CLK0 | aes_i/aes_core_0/inst/aes_core_slave_lite_v1_0_S00_AXI_inst/slv_reg1[7]_i_1_n_0                                                                              | aes_i/aes_core_0/inst/aes_core_slave_lite_v1_0_S00_AXI_inst/aes_bridge_inst/aes_inst/final_round/SR[0]          |                2 |              8 |         4.00 |
|  aes_i/processing_system7_0/inst/FCLK_CLK0 | aes_i/aes_core_0/inst/aes_core_slave_lite_v1_0_S00_AXI_inst/slv_reg3[15]_i_1_n_0                                                                             | aes_i/aes_core_0/inst/aes_core_slave_lite_v1_0_S00_AXI_inst/aes_bridge_inst/aes_inst/final_round/SR[0]          |                2 |              8 |         4.00 |
|  aes_i/processing_system7_0/inst/FCLK_CLK0 | aes_i/aes_core_0/inst/aes_core_slave_lite_v1_0_S00_AXI_inst/slv_reg0[7]_i_1_n_0                                                                              | aes_i/aes_core_0/inst/aes_core_slave_lite_v1_0_S00_AXI_inst/aes_bridge_inst/aes_inst/final_round/SR[0]          |                3 |              8 |         2.67 |
|  aes_i/processing_system7_0/inst/FCLK_CLK0 | aes_i/aes_core_0/inst/aes_core_slave_lite_v1_0_S00_AXI_inst/slv_reg11[31]_i_1_n_0                                                                            | aes_i/aes_core_0/inst/aes_core_slave_lite_v1_0_S00_AXI_inst/aes_bridge_inst/aes_inst/final_round/SR[0]          |                4 |              8 |         2.00 |
|  aes_i/processing_system7_0/inst/FCLK_CLK0 | aes_i/aes_core_0/inst/aes_core_slave_lite_v1_0_S00_AXI_inst/slv_reg12[15]_i_1_n_0                                                                            | aes_i/aes_core_0/inst/aes_core_slave_lite_v1_0_S00_AXI_inst/aes_bridge_inst/aes_inst/final_round/SR[0]          |                2 |              8 |         4.00 |
|  aes_i/processing_system7_0/inst/FCLK_CLK0 | aes_i/aes_core_0/inst/aes_core_slave_lite_v1_0_S00_AXI_inst/slv_reg14[23]_i_1_n_0                                                                            | aes_i/aes_core_0/inst/aes_core_slave_lite_v1_0_S00_AXI_inst/aes_bridge_inst/aes_inst/final_round/SR[0]          |                2 |              8 |         4.00 |
|  aes_i/processing_system7_0/inst/FCLK_CLK0 | aes_i/aes_core_0/inst/aes_core_slave_lite_v1_0_S00_AXI_inst/slv_reg13[7]_i_1_n_0                                                                             | aes_i/aes_core_0/inst/aes_core_slave_lite_v1_0_S00_AXI_inst/aes_bridge_inst/aes_inst/final_round/SR[0]          |                1 |              8 |         8.00 |
|  aes_i/processing_system7_0/inst/FCLK_CLK0 | aes_i/aes_core_0/inst/aes_core_slave_lite_v1_0_S00_AXI_inst/slv_reg3[31]_i_1_n_0                                                                             | aes_i/aes_core_0/inst/aes_core_slave_lite_v1_0_S00_AXI_inst/aes_bridge_inst/aes_inst/final_round/SR[0]          |                3 |              8 |         2.67 |
|  aes_i/processing_system7_0/inst/FCLK_CLK0 | aes_i/aes_core_0/inst/aes_core_slave_lite_v1_0_S00_AXI_inst/slv_reg8[23]_i_1_n_0                                                                             | aes_i/aes_core_0/inst/aes_core_slave_lite_v1_0_S00_AXI_inst/aes_bridge_inst/aes_inst/final_round/SR[0]          |                2 |              8 |         4.00 |
|  aes_i/processing_system7_0/inst/FCLK_CLK0 | aes_i/aes_core_0/inst/aes_core_slave_lite_v1_0_S00_AXI_inst/slv_reg3[23]_i_1_n_0                                                                             | aes_i/aes_core_0/inst/aes_core_slave_lite_v1_0_S00_AXI_inst/aes_bridge_inst/aes_inst/final_round/SR[0]          |                1 |              8 |         8.00 |
|  aes_i/processing_system7_0/inst/FCLK_CLK0 | aes_i/aes_core_0/inst/aes_core_slave_lite_v1_0_S00_AXI_inst/slv_reg8[31]_i_1_n_0                                                                             | aes_i/aes_core_0/inst/aes_core_slave_lite_v1_0_S00_AXI_inst/aes_bridge_inst/aes_inst/final_round/SR[0]          |                2 |              8 |         4.00 |
|  aes_i/processing_system7_0/inst/FCLK_CLK0 | aes_i/aes_core_0/inst/aes_core_slave_lite_v1_0_S00_AXI_inst/slv_reg14[31]_i_1_n_0                                                                            | aes_i/aes_core_0/inst/aes_core_slave_lite_v1_0_S00_AXI_inst/aes_bridge_inst/aes_inst/final_round/SR[0]          |                2 |              8 |         4.00 |
|  aes_i/processing_system7_0/inst/FCLK_CLK0 | aes_i/aes_core_0/inst/aes_core_slave_lite_v1_0_S00_AXI_inst/slv_reg11[23]_i_1_n_0                                                                            | aes_i/aes_core_0/inst/aes_core_slave_lite_v1_0_S00_AXI_inst/aes_bridge_inst/aes_inst/final_round/SR[0]          |                3 |              8 |         2.67 |
|  aes_i/processing_system7_0/inst/FCLK_CLK0 | aes_i/aes_core_0/inst/aes_core_slave_lite_v1_0_S00_AXI_inst/slv_reg11[7]_i_1_n_0                                                                             | aes_i/aes_core_0/inst/aes_core_slave_lite_v1_0_S00_AXI_inst/aes_bridge_inst/aes_inst/final_round/SR[0]          |                3 |              8 |         2.67 |
|  aes_i/processing_system7_0/inst/FCLK_CLK0 | aes_i/aes_core_0/inst/aes_core_slave_lite_v1_0_S00_AXI_inst/slv_reg10[23]_i_1_n_0                                                                            | aes_i/aes_core_0/inst/aes_core_slave_lite_v1_0_S00_AXI_inst/aes_bridge_inst/aes_inst/final_round/SR[0]          |                1 |              8 |         8.00 |
|  aes_i/processing_system7_0/inst/FCLK_CLK0 | aes_i/aes_core_0/inst/aes_core_slave_lite_v1_0_S00_AXI_inst/slv_reg13[31]_i_1_n_0                                                                            | aes_i/aes_core_0/inst/aes_core_slave_lite_v1_0_S00_AXI_inst/aes_bridge_inst/aes_inst/final_round/SR[0]          |                4 |              8 |         2.00 |
|  aes_i/processing_system7_0/inst/FCLK_CLK0 | aes_i/aes_core_0/inst/aes_core_slave_lite_v1_0_S00_AXI_inst/slv_reg11[15]_i_1_n_0                                                                            | aes_i/aes_core_0/inst/aes_core_slave_lite_v1_0_S00_AXI_inst/aes_bridge_inst/aes_inst/final_round/SR[0]          |                1 |              8 |         8.00 |
|  aes_i/processing_system7_0/inst/FCLK_CLK0 | aes_i/aes_core_0/inst/aes_core_slave_lite_v1_0_S00_AXI_inst/slv_reg15[23]_i_1_n_0                                                                            | aes_i/aes_core_0/inst/aes_core_slave_lite_v1_0_S00_AXI_inst/aes_bridge_inst/aes_inst/final_round/SR[0]          |                1 |              8 |         8.00 |
|  aes_i/processing_system7_0/inst/FCLK_CLK0 | aes_i/aes_core_0/inst/aes_core_slave_lite_v1_0_S00_AXI_inst/slv_reg15[31]_i_1_n_0                                                                            | aes_i/aes_core_0/inst/aes_core_slave_lite_v1_0_S00_AXI_inst/aes_bridge_inst/aes_inst/final_round/SR[0]          |                1 |              8 |         8.00 |
|  aes_i/processing_system7_0/inst/FCLK_CLK0 | aes_i/aes_core_0/inst/aes_core_slave_lite_v1_0_S00_AXI_inst/slv_reg1[23]_i_1_n_0                                                                             | aes_i/aes_core_0/inst/aes_core_slave_lite_v1_0_S00_AXI_inst/aes_bridge_inst/aes_inst/final_round/SR[0]          |                3 |              8 |         2.67 |
|  aes_i/processing_system7_0/inst/FCLK_CLK0 | aes_i/aes_core_0/inst/aes_core_slave_lite_v1_0_S00_AXI_inst/slv_reg2[23]_i_1_n_0                                                                             | aes_i/aes_core_0/inst/aes_core_slave_lite_v1_0_S00_AXI_inst/aes_bridge_inst/aes_inst/final_round/SR[0]          |                2 |              8 |         4.00 |
|  aes_i/processing_system7_0/inst/FCLK_CLK0 | aes_i/aes_core_0/inst/aes_core_slave_lite_v1_0_S00_AXI_inst/slv_reg12[23]_i_1_n_0                                                                            | aes_i/aes_core_0/inst/aes_core_slave_lite_v1_0_S00_AXI_inst/aes_bridge_inst/aes_inst/final_round/SR[0]          |                2 |              8 |         4.00 |
|  aes_i/processing_system7_0/inst/FCLK_CLK0 | aes_i/aes_core_0/inst/aes_core_slave_lite_v1_0_S00_AXI_inst/slv_reg3[7]_i_1_n_0                                                                              | aes_i/aes_core_0/inst/aes_core_slave_lite_v1_0_S00_AXI_inst/aes_bridge_inst/aes_inst/final_round/SR[0]          |                3 |              8 |         2.67 |
|  aes_i/processing_system7_0/inst/FCLK_CLK0 | aes_i/aes_core_0/inst/aes_core_slave_lite_v1_0_S00_AXI_inst/slv_reg8[7]_i_1_n_0                                                                              | aes_i/aes_core_0/inst/aes_core_slave_lite_v1_0_S00_AXI_inst/aes_bridge_inst/aes_inst/final_round/SR[0]          |                1 |              8 |         8.00 |
|  aes_i/processing_system7_0/inst/FCLK_CLK0 | aes_i/aes_core_0/inst/aes_core_slave_lite_v1_0_S00_AXI_inst/slv_reg2[31]_i_1_n_0                                                                             | aes_i/aes_core_0/inst/aes_core_slave_lite_v1_0_S00_AXI_inst/aes_bridge_inst/aes_inst/final_round/SR[0]          |                5 |              8 |         1.60 |
|  aes_i/processing_system7_0/inst/FCLK_CLK0 | aes_i/aes_core_0/inst/aes_core_slave_lite_v1_0_S00_AXI_inst/slv_reg1[31]_i_1_n_0                                                                             | aes_i/aes_core_0/inst/aes_core_slave_lite_v1_0_S00_AXI_inst/aes_bridge_inst/aes_inst/final_round/SR[0]          |                4 |              8 |         2.00 |
|  aes_i/processing_system7_0/inst/FCLK_CLK0 | aes_i/aes_core_0/inst/aes_core_slave_lite_v1_0_S00_AXI_inst/slv_reg2[7]_i_1_n_0                                                                              | aes_i/aes_core_0/inst/aes_core_slave_lite_v1_0_S00_AXI_inst/aes_bridge_inst/aes_inst/final_round/SR[0]          |                2 |              8 |         4.00 |
|  aes_i/processing_system7_0/inst/FCLK_CLK0 | aes_i/axi_smc/inst/s00_entry_pipeline/s00_si_converter/inst/gen_axilite_conv.axilite_conv_inst/s_buser                                                       | aes_i/axi_smc/inst/s00_entry_pipeline/s00_si_converter/inst/gen_axilite_conv.axilite_conv_inst/b_cnt[8]_i_1_n_0 |                3 |              9 |         3.00 |
|  aes_i/processing_system7_0/inst/FCLK_CLK0 | aes_i/axi_smc/inst/s00_entry_pipeline/s00_si_converter/inst/gen_axilite_conv.axilite_conv_inst/w_cnt[8]_i_1_n_0                                              | aes_i/axi_smc/inst/s00_entry_pipeline/s00_si_converter/inst/areset                                              |                2 |              9 |         4.50 |
|  aes_i/processing_system7_0/inst/FCLK_CLK0 | aes_i/axi_smc/inst/s00_entry_pipeline/s00_si_converter/inst/gen_axilite_conv.axilite_conv_inst/ar_addr_d[5]_i_1_n_0                                          | aes_i/axi_smc/inst/s00_entry_pipeline/s00_si_converter/inst/areset                                              |                5 |             10 |         2.00 |
|  aes_i/processing_system7_0/inst/FCLK_CLK0 | aes_i/axi_smc/inst/s00_entry_pipeline/s00_mmu/inst/gen_endpoint.decerr_slave_inst/gen_axi.gen_write.s_axi_bid_i[11]_i_1_n_0                                  | aes_i/axi_smc/inst/s00_entry_pipeline/s00_mmu/inst/areset                                                       |                2 |             12 |         6.00 |
|  aes_i/processing_system7_0/inst/FCLK_CLK0 | aes_i/axi_smc/inst/s00_entry_pipeline/s00_si_converter/inst/gen_axilite_conv.axilite_conv_inst/aw_addr[5]_i_1_n_0                                            | aes_i/axi_smc/inst/s00_entry_pipeline/s00_si_converter/inst/areset                                              |                4 |             12 |         3.00 |
|  aes_i/processing_system7_0/inst/FCLK_CLK0 | aes_i/axi_smc/inst/s00_entry_pipeline/s00_mmu/inst/gen_endpoint.decerr_slave_inst/gen_axi.gen_read.s_axi_rid_i[11]_i_1_n_0                                   | aes_i/axi_smc/inst/s00_entry_pipeline/s00_mmu/inst/areset                                                       |                4 |             12 |         3.00 |
|  aes_i/processing_system7_0/inst/FCLK_CLK0 | aes_i/axi_smc/inst/s00_entry_pipeline/s00_transaction_regulator/inst/gen_endpoint.gen_r_singleorder.r_singleorder/gen_id_reg.s_rid_i0                        |                                                                                                                 |                4 |             12 |         3.00 |
|  aes_i/processing_system7_0/inst/FCLK_CLK0 | aes_i/axi_smc/inst/s00_entry_pipeline/s00_transaction_regulator/inst/gen_endpoint.gen_w_singleorder.w_singleorder/gen_id_reg.s_rid_i0                        |                                                                                                                 |                3 |             12 |         4.00 |
|  aes_i/processing_system7_0/inst/FCLK_CLK0 |                                                                                                                                                              | aes_i/axi_smc/inst/s00_entry_pipeline/s00_si_converter/inst/areset                                              |               12 |             20 |         1.67 |
|  aes_i/processing_system7_0/inst/FCLK_CLK0 |                                                                                                                                                              | aes_i/axi_smc/inst/s00_entry_pipeline/s00_mmu/inst/areset                                                       |               13 |             23 |         1.77 |
|  aes_i/processing_system7_0/inst/FCLK_CLK0 | aes_i/axi_smc/inst/s00_entry_pipeline/s00_si_converter/inst/gen_axilite_conv.axilite_conv_inst/m_aruser                                                      | aes_i/axi_smc/inst/s00_entry_pipeline/s00_si_converter/inst/areset                                              |               11 |             30 |         2.73 |
|  aes_i/processing_system7_0/inst/FCLK_CLK0 | aes_i/axi_smc/inst/s00_entry_pipeline/s00_mmu/inst/ar_reg_stall/skid_buffer[1136]_i_1_n_0                                                                    |                                                                                                                 |                8 |             32 |         4.00 |
|  aes_i/processing_system7_0/inst/FCLK_CLK0 | aes_i/axi_smc/inst/s00_entry_pipeline/s00_mmu/inst/aw_reg_stall/m_vector_i                                                                                   |                                                                                                                 |                8 |             32 |         4.00 |
|  aes_i/processing_system7_0/inst/FCLK_CLK0 | aes_i/axi_smc/inst/s00_entry_pipeline/s00_si_converter/inst/gen_axilite_conv.axilite_conv_inst/s_axi_rdata_i[31]_i_1_n_0                                     | aes_i/axi_smc/inst/s00_entry_pipeline/s00_si_converter/inst/areset                                              |                7 |             32 |         4.57 |
|  aes_i/processing_system7_0/inst/FCLK_CLK0 | aes_i/axi_smc/inst/s00_entry_pipeline/s00_mmu/inst/aw_reg_stall/skid_buffer[1136]_i_1__0_n_0                                                                 |                                                                                                                 |                7 |             32 |         4.57 |
|  aes_i/processing_system7_0/inst/FCLK_CLK0 | aes_i/axi_smc/inst/s00_entry_pipeline/s00_mmu/inst/ar_reg_stall/m_vector_i                                                                                   |                                                                                                                 |               10 |             32 |         3.20 |
|  aes_i/processing_system7_0/inst/FCLK_CLK0 | aes_i/axi_smc/inst/s00_nodes/s00_r_node/inst/inst_mi_handler/gen_normal_area.inst_fifo_node_payld/gen_reg_fifo.inst_reg_fifo/gen_single_rank.inst_cntr/E[0]  |                                                                                                                 |               32 |             32 |         1.00 |
|  aes_i/processing_system7_0/inst/FCLK_CLK0 | aes_i/axi_smc/inst/s00_nodes/s00_w_node/inst/inst_mi_handler/gen_normal_area.inst_fifo_node_payld/gen_reg_fifo.inst_reg_fifo/gen_single_rank.inst_cntr/E[0]  |                                                                                                                 |                9 |             36 |         4.00 |
|  aes_i/processing_system7_0/inst/FCLK_CLK0 |                                                                                                                                                              |                                                                                                                 |               57 |            139 |         2.44 |
|  aes_i/processing_system7_0/inst/FCLK_CLK0 |                                                                                                                                                              | aes_i/aes_core_0/inst/aes_core_slave_lite_v1_0_S00_AXI_inst/aes_bridge_inst/aes_inst/final_round/SR[0]          |              767 |           1944 |         2.53 |
+--------------------------------------------+--------------------------------------------------------------------------------------------------------------------------------------------------------------+-----------------------------------------------------------------------------------------------------------------+------------------+----------------+--------------+


