
*** Running vivado
    with args -log aes_wrapper.vdi -applog -m64 -product Vivado -messageDb vivado.pb -mode batch -source aes_wrapper.tcl -notrace



****** Vivado v2025.1 (64-bit)
  **** SW Build 6140274 on Thu May 22 00:12:29 MDT 2025
  **** IP Build 6138677 on Thu May 22 03:10:11 MDT 2025
  **** SharedData Build 6139179 on Tue May 20 17:58:58 MDT 2025
  **** Start of session at: Fri May 29 15:07:42 2026
    ** Copyright 1986-2022 Xilinx, Inc. All Rights Reserved.
    ** Copyright 2022-2025 Advanced Micro Devices, Inc. All Rights Reserved.

source aes_wrapper.tcl -notrace
INFO: [IP_Flow 19-234] Refreshing IP repositories
INFO: [IP_Flow 19-1700] Loaded user IP repository 'c:/proj/rijndael/ip_repo/aes_core_1_0'.
WARNING: [IP_Flow 19-2207] Repository 'c:/proj/rijndael/ip_repo/aes_core_1_0' already exists; ignoring attempt to add it again.
INFO: [IP_Flow 19-1700] Loaded user IP repository 'c:/proj/rijndael/ip_repo/aes_core_1_0'.
WARNING: [IP_Flow 19-2207] Repository 'c:/proj/rijndael/ip_repo/aes_core_1_0' already exists; ignoring attempt to add it again.
INFO: [IP_Flow 19-1700] Loaded user IP repository 'c:/proj/rijndael/ip_repo/aes_core_1_0'.
WARNING: [IP_Flow 19-2248] Failed to load user IP repository 'c:/proj/ip_repo/aes_core_1_0'; Can't find the specified path.
If this directory should no longer be in your list of user repositories, go to the IP Settings dialog and remove it.
INFO: [IP_Flow 19-2313] Loaded Vivado IP repository 'F:/Xilinx/2025.1/Vivado/data/ip'.
Command: link_design -top aes_wrapper -part xc7z007sclg400-1
Design is defaulting to srcset: sources_1
Design is defaulting to constrset: constrs_1
INFO: [Device 21-403] Loading part xc7z007sclg400-1
INFO: [Project 1-5699] Read binary netlist with skipMacroContent - 1
INFO: [Project 1-454] Reading design checkpoint 'c:/proj/rijndael/rijndael.gen/sources_1/bd/aes/ip/aes_aes_core_0_2/aes_aes_core_0_2.dcp' for cell 'aes_i/aes_core_0'
INFO: [Project 1-454] Reading design checkpoint 'c:/proj/rijndael/rijndael.gen/sources_1/bd/aes/ip/aes_axi_smc_2/aes_axi_smc_2.dcp' for cell 'aes_i/axi_smc'
INFO: [Project 1-454] Reading design checkpoint 'c:/proj/rijndael/rijndael.gen/sources_1/bd/aes/ip/aes_processing_system7_0_0/aes_processing_system7_0_0.dcp' for cell 'aes_i/processing_system7_0'
INFO: [Project 1-454] Reading design checkpoint 'c:/proj/rijndael/rijndael.gen/sources_1/bd/aes/ip/aes_rst_ps7_0_50M_2/aes_rst_ps7_0_50M_2.dcp' for cell 'aes_i/rst_ps7_0_50M'
Netlist sorting complete. Time (s): cpu = 00:00:00 ; elapsed = 00:00:00.127 . Memory (MB): peak = 810.391 ; gain = 0.000
INFO: [Netlist 29-17] Analyzing 1663 Unisim elements for replacement
INFO: [Netlist 29-28] Unisim Transformation completed in 0 CPU seconds
INFO: [Project 1-479] Netlist was created with Vivado 2025.1
INFO: [Project 1-570] Preparing netlist for logic optimization
Parsing XDC File [c:/proj/rijndael/rijndael.gen/sources_1/bd/aes/ip/aes_processing_system7_0_0/aes_processing_system7_0_0.xdc] for cell 'aes_i/processing_system7_0/inst'
Finished Parsing XDC File [c:/proj/rijndael/rijndael.gen/sources_1/bd/aes/ip/aes_processing_system7_0_0/aes_processing_system7_0_0.xdc] for cell 'aes_i/processing_system7_0/inst'
Parsing XDC File [c:/proj/rijndael/rijndael.gen/sources_1/bd/aes/ip/aes_axi_smc_2/bd_0/ip/ip_1/bd_bc9e_psr_aclk_0_board.xdc] for cell 'aes_i/axi_smc/inst/clk_map/psr_aclk/U0'
Finished Parsing XDC File [c:/proj/rijndael/rijndael.gen/sources_1/bd/aes/ip/aes_axi_smc_2/bd_0/ip/ip_1/bd_bc9e_psr_aclk_0_board.xdc] for cell 'aes_i/axi_smc/inst/clk_map/psr_aclk/U0'
Parsing XDC File [c:/proj/rijndael/rijndael.gen/sources_1/bd/aes/ip/aes_axi_smc_2/smartconnect.xdc] for cell 'aes_i/axi_smc/inst'
Finished Parsing XDC File [c:/proj/rijndael/rijndael.gen/sources_1/bd/aes/ip/aes_axi_smc_2/smartconnect.xdc] for cell 'aes_i/axi_smc/inst'
Parsing XDC File [c:/proj/rijndael/rijndael.gen/sources_1/bd/aes/ip/aes_rst_ps7_0_50M_2/aes_rst_ps7_0_50M_2_board.xdc] for cell 'aes_i/rst_ps7_0_50M/U0'
Finished Parsing XDC File [c:/proj/rijndael/rijndael.gen/sources_1/bd/aes/ip/aes_rst_ps7_0_50M_2/aes_rst_ps7_0_50M_2_board.xdc] for cell 'aes_i/rst_ps7_0_50M/U0'
Parsing XDC File [C:/proj/rijndael/rijndael.srcs/constrs_1/imports/osc/Cora-Z7-07S-Master.xdc]
Finished Parsing XDC File [C:/proj/rijndael/rijndael.srcs/constrs_1/imports/osc/Cora-Z7-07S-Master.xdc]
INFO: [Project 1-1714] 18 XPM XDC files have been applied to the design.
INFO: [Opt 31-138] Pushed 0 inverter(s) to 0 load pin(s).
Netlist sorting complete. Time (s): cpu = 00:00:00 ; elapsed = 00:00:00.006 . Memory (MB): peak = 1532.930 ; gain = 0.000
INFO: [Project 1-111] Unisim Transformation Summary:
No Unisim elements were transformed.

18 Infos, 3 Warnings, 0 Critical Warnings and 0 Errors encountered.
link_design completed successfully
link_design: Time (s): cpu = 00:00:10 ; elapsed = 00:00:12 . Memory (MB): peak = 1532.930 ; gain = 972.074
Command: opt_design
Attempting to get a license for feature 'Implementation' and/or device 'xc7z007s'
INFO: [Common 17-349] Got license for feature 'Implementation' and/or device 'xc7z007s'
Running DRC as a precondition to command opt_design

Starting DRC Task
INFO: [DRC 23-27] Running DRC with 2 threads
INFO: [Project 1-461] DRC finished with 0 Errors
INFO: [Project 1-462] Please refer to the DRC report (report_drc) for more information.

Time (s): cpu = 00:00:01 ; elapsed = 00:00:01 . Memory (MB): peak = 1532.930 ; gain = 0.000

Starting Cache Timing Information Task
INFO: [Timing 38-35] Done setting XDC timing constraints.
Ending Cache Timing Information Task | Checksum: 1ff2c54a7

Time (s): cpu = 00:00:00 ; elapsed = 00:00:00.370 . Memory (MB): peak = 1532.930 ; gain = 0.000

Starting Logic Optimization Task

Phase 1 Initialization

Phase 1.1 Core Generation And Design Setup
Phase 1.1 Core Generation And Design Setup | Checksum: 1ff2c54a7

Time (s): cpu = 00:00:00 ; elapsed = 00:00:00.017 . Memory (MB): peak = 1934.109 ; gain = 0.000

Phase 1.2 Setup Constraints And Sort Netlist
Phase 1.2 Setup Constraints And Sort Netlist | Checksum: 1ff2c54a7

Time (s): cpu = 00:00:00 ; elapsed = 00:00:00.056 . Memory (MB): peak = 1934.109 ; gain = 0.000
Phase 1 Initialization | Checksum: 1ff2c54a7

Time (s): cpu = 00:00:00 ; elapsed = 00:00:00.059 . Memory (MB): peak = 1934.109 ; gain = 0.000

Phase 2 Timer Update And Timing Data Collection

Phase 2.1 Timer Update
Phase 2.1 Timer Update | Checksum: 1ff2c54a7

Time (s): cpu = 00:00:00 ; elapsed = 00:00:00.351 . Memory (MB): peak = 1934.109 ; gain = 0.000

Phase 2.2 Timing Data Collection
Phase 2.2 Timing Data Collection | Checksum: 1ff2c54a7

Time (s): cpu = 00:00:00 ; elapsed = 00:00:00.413 . Memory (MB): peak = 1934.109 ; gain = 0.000
Phase 2 Timer Update And Timing Data Collection | Checksum: 1ff2c54a7

Time (s): cpu = 00:00:00 ; elapsed = 00:00:00.415 . Memory (MB): peak = 1934.109 ; gain = 0.000

Phase 3 Retarget
INFO: [Opt 31-1851] Number of loadless carry chains removed were: 0
INFO: [Opt 31-1834] Total Chains To Be Transformed Were: 0 AND Number of Transformed insts Created are: 0
INFO: [Opt 31-138] Pushed 10 inverter(s) to 37 load pin(s).
INFO: [Opt 31-49] Retargeted 0 cell(s).
Phase 3 Retarget | Checksum: 24a0963fe

Time (s): cpu = 00:00:01 ; elapsed = 00:00:00.686 . Memory (MB): peak = 1934.109 ; gain = 0.000
Retarget | Checksum: 24a0963fe
INFO: [Opt 31-389] Phase Retarget created 8 cells and removed 43 cells
INFO: [Opt 31-1021] In phase Retarget, 20 netlist objects are constrained preventing optimization. Please run opt_design with -debug_log to get more detail. 

Phase 4 Constant propagation
INFO: [Opt 31-138] Pushed 2 inverter(s) to 2 load pin(s).
Phase 4 Constant propagation | Checksum: 2131f1256

Time (s): cpu = 00:00:01 ; elapsed = 00:00:00.796 . Memory (MB): peak = 1934.109 ; gain = 0.000
Constant propagation | Checksum: 2131f1256
INFO: [Opt 31-389] Phase Constant propagation created 45 cells and removed 84 cells
INFO: [Opt 31-1021] In phase Constant propagation, 20 netlist objects are constrained preventing optimization. Please run opt_design with -debug_log to get more detail. 

Phase 5 Sweep
INFO: [Constraints 18-11670] Building netlist checker database with flags, 0x8
Done building netlist checker database: Time (s): cpu = 00:00:00 ; elapsed = 00:00:00.002 . Memory (MB): peak = 1934.109 ; gain = 0.000
INFO: [Constraints 18-11670] Building netlist checker database with flags, 0x8
Done building netlist checker database: Time (s): cpu = 00:00:00 ; elapsed = 00:00:00.002 . Memory (MB): peak = 1934.109 ; gain = 0.000
Phase 5 Sweep | Checksum: 221b1cefa

Time (s): cpu = 00:00:01 ; elapsed = 00:00:01 . Memory (MB): peak = 1934.109 ; gain = 0.000
Sweep | Checksum: 221b1cefa
INFO: [Opt 31-389] Phase Sweep created 0 cells and removed 75 cells
INFO: [Opt 31-1021] In phase Sweep, 25 netlist objects are constrained preventing optimization. Please run opt_design with -debug_log to get more detail. 

Phase 6 BUFG optimization
Phase 6 BUFG optimization | Checksum: 221b1cefa

Time (s): cpu = 00:00:01 ; elapsed = 00:00:01 . Memory (MB): peak = 1934.109 ; gain = 0.000
BUFG optimization | Checksum: 221b1cefa
INFO: [Opt 31-662] Phase BUFG optimization created 0 cells of which 0 are BUFGs and removed 0 cells.

Phase 7 Shift Register Optimization
INFO: [Opt 31-1064] SRL Remap converted 0 SRLs to 0 registers and converted 0 registers of register chains to 0 SRLs
Phase 7 Shift Register Optimization | Checksum: 221b1cefa

Time (s): cpu = 00:00:01 ; elapsed = 00:00:01 . Memory (MB): peak = 1934.109 ; gain = 0.000
Shift Register Optimization | Checksum: 221b1cefa
INFO: [Opt 31-389] Phase Shift Register Optimization created 0 cells and removed 0 cells

Phase 8 Post Processing Netlist
Phase 8 Post Processing Netlist | Checksum: 246d84ca0

Time (s): cpu = 00:00:01 ; elapsed = 00:00:01 . Memory (MB): peak = 1934.109 ; gain = 0.000
Post Processing Netlist | Checksum: 246d84ca0
INFO: [Opt 31-389] Phase Post Processing Netlist created 0 cells and removed 0 cells
INFO: [Opt 31-1021] In phase Post Processing Netlist, 20 netlist objects are constrained preventing optimization. Please run opt_design with -debug_log to get more detail. 

Phase 9 Finalization

Phase 9.1 Finalizing Design Cores and Updating Shapes
Phase 9.1 Finalizing Design Cores and Updating Shapes | Checksum: 262bcc58a

Time (s): cpu = 00:00:01 ; elapsed = 00:00:01 . Memory (MB): peak = 1934.109 ; gain = 0.000

Phase 9.2 Verifying Netlist Connectivity

Starting Connectivity Check Task

Time (s): cpu = 00:00:00 ; elapsed = 00:00:00.034 . Memory (MB): peak = 1934.109 ; gain = 0.000
Phase 9.2 Verifying Netlist Connectivity | Checksum: 262bcc58a

Time (s): cpu = 00:00:01 ; elapsed = 00:00:01 . Memory (MB): peak = 1934.109 ; gain = 0.000
Phase 9 Finalization | Checksum: 262bcc58a

Time (s): cpu = 00:00:01 ; elapsed = 00:00:01 . Memory (MB): peak = 1934.109 ; gain = 0.000
Opt_design Change Summary
=========================


-------------------------------------------------------------------------------------------------------------------------
|  Phase                        |  #Cells created  |  #Cells Removed  |  #Constrained objects preventing optimizations  |
-------------------------------------------------------------------------------------------------------------------------
|  Retarget                     |               8  |              43  |                                             20  |
|  Constant propagation         |              45  |              84  |                                             20  |
|  Sweep                        |               0  |              75  |                                             25  |
|  BUFG optimization            |               0  |               0  |                                              0  |
|  Shift Register Optimization  |               0  |               0  |                                              0  |
|  Post Processing Netlist      |               0  |               0  |                                             20  |
-------------------------------------------------------------------------------------------------------------------------


Ending Logic Optimization Task | Checksum: 262bcc58a

Time (s): cpu = 00:00:01 ; elapsed = 00:00:01 . Memory (MB): peak = 1934.109 ; gain = 0.000

Starting Power Optimization Task
INFO: [Pwropt 34-132] Skipping clock gating for clocks with a period < 2.00 ns.
Ending Power Optimization Task | Checksum: 262bcc58a

Time (s): cpu = 00:00:00 ; elapsed = 00:00:00.116 . Memory (MB): peak = 1934.109 ; gain = 0.000

Starting Final Cleanup Task
Ending Final Cleanup Task | Checksum: 262bcc58a

Time (s): cpu = 00:00:00 ; elapsed = 00:00:00.003 . Memory (MB): peak = 1934.109 ; gain = 0.000

Starting Netlist Obfuscation Task
Netlist sorting complete. Time (s): cpu = 00:00:00 ; elapsed = 00:00:00.006 . Memory (MB): peak = 1934.109 ; gain = 0.000
Ending Netlist Obfuscation Task | Checksum: 262bcc58a

Time (s): cpu = 00:00:00 ; elapsed = 00:00:00.009 . Memory (MB): peak = 1934.109 ; gain = 0.000
INFO: [Common 17-83] Releasing license: Implementation
43 Infos, 3 Warnings, 0 Critical Warnings and 0 Errors encountered.
opt_design completed successfully
opt_design: Time (s): cpu = 00:00:05 ; elapsed = 00:00:06 . Memory (MB): peak = 1934.109 ; gain = 401.180
INFO: [Vivado 12-24828] Executing command : report_drc -file aes_wrapper_drc_opted.rpt -pb aes_wrapper_drc_opted.pb -rpx aes_wrapper_drc_opted.rpx
Command: report_drc -file aes_wrapper_drc_opted.rpt -pb aes_wrapper_drc_opted.pb -rpx aes_wrapper_drc_opted.rpx
INFO: [IP_Flow 19-1839] IP Catalog is up to date.
INFO: [DRC 23-27] Running DRC with 2 threads
INFO: [Vivado_Tcl 2-168] The results of DRC are in file C:/proj/rijndael/rijndael.runs/impl_1/aes_wrapper_drc_opted.rpt.
report_drc completed successfully
INFO: [Timing 38-480] Writing timing data to binary archive.
Wrote PlaceDB: Time (s): cpu = 00:00:00 ; elapsed = 00:00:00.017 . Memory (MB): peak = 1934.109 ; gain = 0.000
Write ShapeDB Complete: Time (s): cpu = 00:00:00 ; elapsed = 00:00:00.035 . Memory (MB): peak = 1934.109 ; gain = 0.000
Wrote PulsedLatchDB: Time (s): cpu = 00:00:00 ; elapsed = 00:00:00.012 . Memory (MB): peak = 1934.109 ; gain = 0.000
Writing XDEF routing.
Writing XDEF routing logical nets.
Writing XDEF routing special nets.
Wrote RouteStorage: Time (s): cpu = 00:00:00 ; elapsed = 00:00:00.037 . Memory (MB): peak = 1934.109 ; gain = 0.000
Wrote Netlist Cache: Time (s): cpu = 00:00:00 ; elapsed = 00:00:00.001 . Memory (MB): peak = 1934.109 ; gain = 0.000
Wrote Device Cache: Time (s): cpu = 00:00:01 ; elapsed = 00:00:00.014 . Memory (MB): peak = 1934.109 ; gain = 0.000
Write Physdb Complete: Time (s): cpu = 00:00:01 ; elapsed = 00:00:00.094 . Memory (MB): peak = 1934.109 ; gain = 0.000
INFO: [Common 17-1381] The checkpoint 'C:/proj/rijndael/rijndael.runs/impl_1/aes_wrapper_opt.dcp' has been generated.
Command: place_design
Attempting to get a license for feature 'Implementation' and/or device 'xc7z007s'
INFO: [Common 17-349] Got license for feature 'Implementation' and/or device 'xc7z007s'
INFO: [Common 17-83] Releasing license: Implementation
INFO: [DRC 23-27] Running DRC with 2 threads
INFO: [Vivado_Tcl 4-198] DRC finished with 0 Errors
INFO: [Vivado_Tcl 4-199] Please refer to the DRC report (report_drc) for more information.
Running DRC as a precondition to command place_design
INFO: [DRC 23-27] Running DRC with 2 threads
INFO: [Vivado_Tcl 4-198] DRC finished with 0 Errors
INFO: [Vivado_Tcl 4-199] Please refer to the DRC report (report_drc) for more information.
INFO: [Place 30-611] Multithreading enabled for place_design using a maximum of 2 CPUs

Starting Placer Task

Phase 1 Placer Initialization

Phase 1.1 Placer Initialization Netlist Sorting
Netlist sorting complete. Time (s): cpu = 00:00:00 ; elapsed = 00:00:00.007 . Memory (MB): peak = 1934.109 ; gain = 0.000
Phase 1.1 Placer Initialization Netlist Sorting | Checksum: 16e2f19be

Time (s): cpu = 00:00:00 ; elapsed = 00:00:00.073 . Memory (MB): peak = 1934.109 ; gain = 0.000
Netlist sorting complete. Time (s): cpu = 00:00:00 ; elapsed = 00:00:00.005 . Memory (MB): peak = 1934.109 ; gain = 0.000

Phase 1.2 IO Placement/ Clock Placement/ Build Placer Device
INFO: [Timing 38-35] Done setting XDC timing constraints.
Phase 1.2 IO Placement/ Clock Placement/ Build Placer Device | Checksum: f7e0f0d8

Time (s): cpu = 00:00:01 ; elapsed = 00:00:01 . Memory (MB): peak = 1940.387 ; gain = 6.277

Phase 1.3 Build Placer Netlist Model
Phase 1.3 Build Placer Netlist Model | Checksum: 154c52d9c

Time (s): cpu = 00:00:04 ; elapsed = 00:00:04 . Memory (MB): peak = 1963.379 ; gain = 29.270

Phase 1.4 Constrain Clocks/Macros
Phase 1.4 Constrain Clocks/Macros | Checksum: 154c52d9c

Time (s): cpu = 00:00:04 ; elapsed = 00:00:04 . Memory (MB): peak = 1963.379 ; gain = 29.270
Phase 1 Placer Initialization | Checksum: 154c52d9c

Time (s): cpu = 00:00:04 ; elapsed = 00:00:04 . Memory (MB): peak = 1963.379 ; gain = 29.270

Phase 2 Global Placement

Phase 2.1 Floorplanning
Phase 2.1 Floorplanning | Checksum: 1b94ede4a

Time (s): cpu = 00:00:05 ; elapsed = 00:00:05 . Memory (MB): peak = 1963.379 ; gain = 29.270

Phase 2.2 Update Timing before SLR Path Opt
Phase 2.2 Update Timing before SLR Path Opt | Checksum: 145401e33

Time (s): cpu = 00:00:06 ; elapsed = 00:00:06 . Memory (MB): peak = 1963.379 ; gain = 29.270

Phase 2.3 Post-Processing in Floorplanning
Phase 2.3 Post-Processing in Floorplanning | Checksum: 145401e33

Time (s): cpu = 00:00:06 ; elapsed = 00:00:06 . Memory (MB): peak = 1963.379 ; gain = 29.270

Phase 2.4 Global Place Phase1
Phase 2.4 Global Place Phase1 | Checksum: 16710ea4b

Time (s): cpu = 00:00:10 ; elapsed = 00:00:08 . Memory (MB): peak = 1963.379 ; gain = 29.270

Phase 2.5 Global Place Phase2

Phase 2.5.1 UpdateTiming Before Physical Synthesis
Phase 2.5.1 UpdateTiming Before Physical Synthesis | Checksum: 16710ea4b

Time (s): cpu = 00:00:11 ; elapsed = 00:00:09 . Memory (MB): peak = 1963.379 ; gain = 29.270

Phase 2.5.2 Physical Synthesis In Placer
INFO: [Physopt 32-1035] Found 0 LUTNM shape to break, 429 LUT instances to create LUTNM shape
INFO: [Physopt 32-1044] Break lutnm for timing: one critical 0, two critical 0, total 0, new lutff created 0
INFO: [Physopt 32-1138] End 1 Pass. Optimized 112 nets or LUTs. Breaked 0 LUT, combined 112 existing LUTs and moved 0 existing LUT
INFO: [Physopt 32-65] No nets found for high-fanout optimization.
INFO: [Physopt 32-232] Optimized 0 net. Created 0 new instance.
INFO: [Physopt 32-775] End 1 Pass. Optimized 0 net or cell. Created 0 new cell, deleted 0 existing cell and moved 0 existing cell
INFO: [Physopt 32-670] No setup violation found.  DSP Register Optimization was not performed.
INFO: [Physopt 32-670] No setup violation found.  Shift Register to Pipeline Optimization was not performed.
INFO: [Physopt 32-670] No setup violation found.  Shift Register Optimization was not performed.
INFO: [Physopt 32-670] No setup violation found.  BRAM Register Optimization was not performed.
INFO: [Physopt 32-670] No setup violation found.  URAM Register Optimization was not performed.
INFO: [Physopt 32-949] No candidate nets found for dynamic/static region interface net replication
INFO: [Physopt 32-775] End 1 Pass. Optimized 0 net or cell. Created 0 new cell, deleted 0 existing cell and moved 0 existing cell
Netlist sorting complete. Time (s): cpu = 00:00:00 ; elapsed = 00:00:00.009 . Memory (MB): peak = 1963.379 ; gain = 0.000

Summary of Physical Synthesis Optimizations
============================================


-----------------------------------------------------------------------------------------------------------------------------------------------------------
|  Optimization                                     |  Added Cells  |  Removed Cells  |  Optimized Cells/Nets  |  Dont Touch  |  Iterations  |  Elapsed   |
-----------------------------------------------------------------------------------------------------------------------------------------------------------
|  LUT Combining                                    |            0  |            112  |                   112  |           0  |           1  |  00:00:00  |
|  Retime                                           |            0  |              0  |                     0  |           0  |           1  |  00:00:00  |
|  Very High Fanout                                 |            0  |              0  |                     0  |           0  |           1  |  00:00:00  |
|  DSP Register                                     |            0  |              0  |                     0  |           0  |           0  |  00:00:00  |
|  Shift Register to Pipeline                       |            0  |              0  |                     0  |           0  |           0  |  00:00:00  |
|  Shift Register                                   |            0  |              0  |                     0  |           0  |           0  |  00:00:00  |
|  BRAM Register                                    |            0  |              0  |                     0  |           0  |           0  |  00:00:00  |
|  URAM Register                                    |            0  |              0  |                     0  |           0  |           0  |  00:00:00  |
|  Dynamic/Static Region Interface Net Replication  |            0  |              0  |                     0  |           0  |           1  |  00:00:00  |
|  Total                                            |            0  |            112  |                   112  |           0  |           4  |  00:00:00  |
-----------------------------------------------------------------------------------------------------------------------------------------------------------


Phase 2.5.2 Physical Synthesis In Placer | Checksum: 103a87900

Time (s): cpu = 00:00:13 ; elapsed = 00:00:10 . Memory (MB): peak = 1963.379 ; gain = 29.270
Phase 2.5 Global Place Phase2 | Checksum: 1aadde592

Time (s): cpu = 00:00:14 ; elapsed = 00:00:12 . Memory (MB): peak = 1963.379 ; gain = 29.270
Phase 2 Global Placement | Checksum: 1aadde592

Time (s): cpu = 00:00:14 ; elapsed = 00:00:12 . Memory (MB): peak = 1963.379 ; gain = 29.270

Phase 3 Detail Placement

Phase 3.1 Commit Multi Column Macros
Phase 3.1 Commit Multi Column Macros | Checksum: 18c5304cd

Time (s): cpu = 00:00:15 ; elapsed = 00:00:12 . Memory (MB): peak = 1963.379 ; gain = 29.270

Phase 3.2 Commit Most Macros & LUTRAMs
Phase 3.2 Commit Most Macros & LUTRAMs | Checksum: 121b0a5b5

Time (s): cpu = 00:00:17 ; elapsed = 00:00:14 . Memory (MB): peak = 1963.379 ; gain = 29.270

Phase 3.3 Area Swap Optimization
Phase 3.3 Area Swap Optimization | Checksum: 19b132180

Time (s): cpu = 00:00:17 ; elapsed = 00:00:14 . Memory (MB): peak = 1963.379 ; gain = 29.270

Phase 3.4 Pipeline Register Optimization
Phase 3.4 Pipeline Register Optimization | Checksum: 1bc3b97c7

Time (s): cpu = 00:00:17 ; elapsed = 00:00:14 . Memory (MB): peak = 1963.379 ; gain = 29.270

Phase 3.5 Small Shape Detail Placement
Phase 3.5 Small Shape Detail Placement | Checksum: 18c43403f

Time (s): cpu = 00:00:21 ; elapsed = 00:00:17 . Memory (MB): peak = 1963.379 ; gain = 29.270

Phase 3.6 Re-assign LUT pins
Phase 3.6 Re-assign LUT pins | Checksum: 166b90f3b

Time (s): cpu = 00:00:21 ; elapsed = 00:00:18 . Memory (MB): peak = 1963.379 ; gain = 29.270

Phase 3.7 Pipeline Register Optimization
Phase 3.7 Pipeline Register Optimization | Checksum: 143b3748c

Time (s): cpu = 00:00:21 ; elapsed = 00:00:18 . Memory (MB): peak = 1963.379 ; gain = 29.270
Phase 3 Detail Placement | Checksum: 143b3748c

Time (s): cpu = 00:00:21 ; elapsed = 00:00:18 . Memory (MB): peak = 1963.379 ; gain = 29.270

Phase 4 Post Placement Optimization and Clean-Up

Phase 4.1 Post Commit Optimization
INFO: [Timing 38-35] Done setting XDC timing constraints.

Phase 4.1.1 Post Placement Optimization
Post Placement Optimization Initialization | Checksum: 2fe567db4

Phase 4.1.1.1 BUFG Insertion

Starting Physical Synthesis Task

Phase 1 Physical Synthesis Initialization
INFO: [Physopt 32-721] Multithreading enabled for phys_opt_design using a maximum of 2 CPUs
INFO: [Physopt 32-619] Estimated Timing Summary | WNS=10.910 | TNS=0.000 |
Phase 1 Physical Synthesis Initialization | Checksum: 2c18dfb91

Time (s): cpu = 00:00:00 ; elapsed = 00:00:00.184 . Memory (MB): peak = 1997.926 ; gain = 0.000
INFO: [Place 46-33] Processed net aes_i/aes_core_0/inst/aes_core_slave_lite_v1_0_S00_AXI_inst/aes_bridge_inst/aes_inst/final_round/SR[0], BUFG insertion was skipped due to placement/routing conflicts.
INFO: [Place 46-56] BUFG insertion identified 1 candidate nets. Inserted BUFG: 0, Replicated BUFG Driver: 0, Skipped due to Placement/Routing Conflicts: 1, Skipped due to Timing Degradation: 0, Skipped due to netlist editing failed: 0.
Ending Physical Synthesis Task | Checksum: 30448ade3

Time (s): cpu = 00:00:00 ; elapsed = 00:00:00.488 . Memory (MB): peak = 1997.926 ; gain = 0.000
Phase 4.1.1.1 BUFG Insertion | Checksum: 2fe567db4

Time (s): cpu = 00:00:25 ; elapsed = 00:00:20 . Memory (MB): peak = 1997.926 ; gain = 63.816

Phase 4.1.1.2 Post Placement Timing Optimization
INFO: [Place 30-746] Post Placement Timing Summary WNS=10.910. For the most accurate timing information please run report_timing.
Phase 4.1.1.2 Post Placement Timing Optimization | Checksum: 2a0460856

Time (s): cpu = 00:00:25 ; elapsed = 00:00:20 . Memory (MB): peak = 1997.926 ; gain = 63.816

Time (s): cpu = 00:00:25 ; elapsed = 00:00:20 . Memory (MB): peak = 1997.926 ; gain = 63.816
Phase 4.1 Post Commit Optimization | Checksum: 2a0460856

Time (s): cpu = 00:00:25 ; elapsed = 00:00:20 . Memory (MB): peak = 1997.926 ; gain = 63.816

Phase 4.2 Post Placement Cleanup
Phase 4.2 Post Placement Cleanup | Checksum: 2a0460856

Time (s): cpu = 00:00:25 ; elapsed = 00:00:20 . Memory (MB): peak = 1997.926 ; gain = 63.816

Phase 4.3 Placer Reporting

Phase 4.3.1 Print Estimated Congestion
INFO: [Place 30-612] Post-Placement Estimated Congestion 
 ____________________________________________________
|           | Global Congestion | Short Congestion  |
| Direction | Region Size       | Region Size       |
|___________|___________________|___________________|
|      North|                1x1|                4x4|
|___________|___________________|___________________|
|      South|                1x1|                2x2|
|___________|___________________|___________________|
|       East|                1x1|                2x2|
|___________|___________________|___________________|
|       West|                1x1|                1x1|
|___________|___________________|___________________|

Phase 4.3.1 Print Estimated Congestion | Checksum: 2a0460856

Time (s): cpu = 00:00:25 ; elapsed = 00:00:20 . Memory (MB): peak = 1997.926 ; gain = 63.816
Phase 4.3 Placer Reporting | Checksum: 2a0460856

Time (s): cpu = 00:00:25 ; elapsed = 00:00:20 . Memory (MB): peak = 1997.926 ; gain = 63.816

Phase 4.4 Final Placement Cleanup
Netlist sorting complete. Time (s): cpu = 00:00:00 ; elapsed = 00:00:00.006 . Memory (MB): peak = 1997.926 ; gain = 0.000

Time (s): cpu = 00:00:25 ; elapsed = 00:00:20 . Memory (MB): peak = 1997.926 ; gain = 63.816
Phase 4 Post Placement Optimization and Clean-Up | Checksum: 290d1bbe1

Time (s): cpu = 00:00:25 ; elapsed = 00:00:20 . Memory (MB): peak = 1997.926 ; gain = 63.816
Ending Placer Task | Checksum: 20046b5a2

Time (s): cpu = 00:00:25 ; elapsed = 00:00:20 . Memory (MB): peak = 1997.926 ; gain = 63.816
79 Infos, 3 Warnings, 0 Critical Warnings and 0 Errors encountered.
place_design completed successfully
place_design: Time (s): cpu = 00:00:27 ; elapsed = 00:00:22 . Memory (MB): peak = 1997.926 ; gain = 63.816
INFO: [Vivado 12-24838] Running report commands "report_control_sets, report_io, report_utilization" in parallel.
Running report generation with 2 threads.
INFO: [Vivado 12-24828] Executing command : report_io -file aes_wrapper_io_placed.rpt
report_io: Time (s): cpu = 00:00:00 ; elapsed = 00:00:00.043 . Memory (MB): peak = 1997.926 ; gain = 0.000
INFO: [Vivado 12-24828] Executing command : report_control_sets -verbose -file aes_wrapper_control_sets_placed.rpt
report_control_sets: Time (s): cpu = 00:00:01 ; elapsed = 00:00:00.013 . Memory (MB): peak = 1997.926 ; gain = 0.000
INFO: [Vivado 12-24828] Executing command : report_utilization -file aes_wrapper_utilization_placed.rpt -pb aes_wrapper_utilization_placed.pb
INFO: [Timing 38-480] Writing timing data to binary archive.
Write ShapeDB Complete: Time (s): cpu = 00:00:00 ; elapsed = 00:00:00.045 . Memory (MB): peak = 2012.895 ; gain = 13.277
Wrote PlaceDB: Time (s): cpu = 00:00:01 ; elapsed = 00:00:00.810 . Memory (MB): peak = 2015.969 ; gain = 16.352
Wrote PulsedLatchDB: Time (s): cpu = 00:00:00 ; elapsed = 00:00:00 . Memory (MB): peak = 2015.969 ; gain = 0.000
Writing XDEF routing.
Writing XDEF routing logical nets.
Writing XDEF routing special nets.
Wrote RouteStorage: Time (s): cpu = 00:00:00 ; elapsed = 00:00:00.032 . Memory (MB): peak = 2015.969 ; gain = 0.000
Wrote Netlist Cache: Time (s): cpu = 00:00:00 ; elapsed = 00:00:00.031 . Memory (MB): peak = 2015.969 ; gain = 0.000
Wrote Device Cache: Time (s): cpu = 00:00:00 ; elapsed = 00:00:00.014 . Memory (MB): peak = 2015.969 ; gain = 0.000
Write Physdb Complete: Time (s): cpu = 00:00:01 ; elapsed = 00:00:00.905 . Memory (MB): peak = 2015.969 ; gain = 16.352
INFO: [Common 17-1381] The checkpoint 'C:/proj/rijndael/rijndael.runs/impl_1/aes_wrapper_placed.dcp' has been generated.
Command: phys_opt_design
Attempting to get a license for feature 'Implementation' and/or device 'xc7z007s'
INFO: [Common 17-349] Got license for feature 'Implementation' and/or device 'xc7z007s'

Starting Initial Update Timing Task

Time (s): cpu = 00:00:02 ; elapsed = 00:00:01 . Memory (MB): peak = 2015.969 ; gain = 0.000
INFO: [Vivado_Tcl 4-2279] Estimated Timing Summary | WNS= 10.910 | TNS= 0.000 | 
INFO: [Vivado_Tcl 4-383] Design worst setup slack (WNS) is greater than or equal to 0.000 ns. All physical synthesis setup optimizations will be skipped.
INFO: [Vivado_Tcl 4-232] No setup violation found. The netlist was not modified.
INFO: [Common 17-83] Releasing license: Implementation
90 Infos, 3 Warnings, 0 Critical Warnings and 0 Errors encountered.
phys_opt_design completed successfully
INFO: [Timing 38-480] Writing timing data to binary archive.
Write ShapeDB Complete: Time (s): cpu = 00:00:00 ; elapsed = 00:00:00.043 . Memory (MB): peak = 2040.891 ; gain = 8.934
Wrote PlaceDB: Time (s): cpu = 00:00:01 ; elapsed = 00:00:00.797 . Memory (MB): peak = 2048.328 ; gain = 16.363
Wrote PulsedLatchDB: Time (s): cpu = 00:00:00 ; elapsed = 00:00:00 . Memory (MB): peak = 2048.328 ; gain = 0.000
Writing XDEF routing.
Writing XDEF routing logical nets.
Writing XDEF routing special nets.
Wrote RouteStorage: Time (s): cpu = 00:00:00 ; elapsed = 00:00:00.032 . Memory (MB): peak = 2048.328 ; gain = 0.000
Wrote Netlist Cache: Time (s): cpu = 00:00:00 ; elapsed = 00:00:00.023 . Memory (MB): peak = 2048.328 ; gain = 0.000
Wrote Device Cache: Time (s): cpu = 00:00:00 ; elapsed = 00:00:00.009 . Memory (MB): peak = 2048.328 ; gain = 0.000
Write Physdb Complete: Time (s): cpu = 00:00:01 ; elapsed = 00:00:00.878 . Memory (MB): peak = 2048.328 ; gain = 16.363
INFO: [Common 17-1381] The checkpoint 'C:/proj/rijndael/rijndael.runs/impl_1/aes_wrapper_physopt.dcp' has been generated.
Command: route_design
Attempting to get a license for feature 'Implementation' and/or device 'xc7z007s'
INFO: [Common 17-349] Got license for feature 'Implementation' and/or device 'xc7z007s'


Starting Routing Task
INFO: [Route 35-254] Multithreading enabled for route_design using a maximum of 2 CPUs

Phase 1 Build RT Design
Checksum: PlaceDB: 8b763df7 ConstDB: 0 ShapeSum: cef087b3 RouteDB: a5dfeff8
Post Restoration Checksum: NetGraph: 6ca415b1 | NumContArr: 8dad3928 | Constraints: c2a8fa9d | Timing: c2a8fa9d
Phase 1 Build RT Design | Checksum: 27fa34413

Time (s): cpu = 00:00:12 ; elapsed = 00:00:11 . Memory (MB): peak = 2082.551 ; gain = 34.223

Phase 2 Router Initialization

Phase 2.1 Fix Topology Constraints
Phase 2.1 Fix Topology Constraints | Checksum: 27fa34413

Time (s): cpu = 00:00:12 ; elapsed = 00:00:11 . Memory (MB): peak = 2082.551 ; gain = 34.223

Phase 2.2 Pre Route Cleanup
Phase 2.2 Pre Route Cleanup | Checksum: 27fa34413

Time (s): cpu = 00:00:12 ; elapsed = 00:00:11 . Memory (MB): peak = 2082.551 ; gain = 34.223
 Number of Nodes with overlaps = 0

Phase 2.3 Update Timing
Phase 2.3 Update Timing | Checksum: 2a7ee6789

Time (s): cpu = 00:00:16 ; elapsed = 00:00:14 . Memory (MB): peak = 2128.391 ; gain = 80.062
INFO: [Route 35-416] Intermediate Timing Summary | WNS=10.881 | TNS=0.000  | WHS=-0.141 | THS=-21.558|


Phase 2.4 Soft Constraint Pins - Fast Budgeting
Phase 2.4 Soft Constraint Pins - Fast Budgeting | Checksum: 2c1cedc74

Time (s): cpu = 00:00:17 ; elapsed = 00:00:15 . Memory (MB): peak = 2155.145 ; gain = 106.816

Router Utilization Summary
  Global Vertical Routing Utilization    = 0.00154842 %
  Global Horizontal Routing Utilization  = 0.0066636 %
  Routable Net Status*
  *Does not include unroutable nets such as driverless and loadless.
  Run report_route_status for detailed report.
  Number of Failed Nets               = 12019
    (Failed Nets is the sum of unrouted and partially routed nets)
  Number of Unrouted Nets             = 12019
  Number of Partially Routed Nets     = 0
  Number of Node Overlaps             = 0

Phase 2 Router Initialization | Checksum: 2ba197189

Time (s): cpu = 00:00:17 ; elapsed = 00:00:15 . Memory (MB): peak = 2155.145 ; gain = 106.816

Phase 3 Global Routing
Phase 3 Global Routing | Checksum: 2ba197189

Time (s): cpu = 00:00:17 ; elapsed = 00:00:15 . Memory (MB): peak = 2155.145 ; gain = 106.816

Phase 4 Initial Routing

Phase 4.1 Initial Net Routing Pass
Phase 4.1 Initial Net Routing Pass | Checksum: 243732020

Time (s): cpu = 00:00:19 ; elapsed = 00:00:16 . Memory (MB): peak = 2155.145 ; gain = 106.816
Phase 4 Initial Routing | Checksum: 243732020

Time (s): cpu = 00:00:19 ; elapsed = 00:00:16 . Memory (MB): peak = 2155.145 ; gain = 106.816

Phase 5 Rip-up And Reroute

Phase 5.1 Global Iteration 0
 Number of Nodes with overlaps = 1830
 Number of Nodes with overlaps = 4
 Number of Nodes with overlaps = 0
INFO: [Route 35-416] Intermediate Timing Summary | WNS=6.914  | TNS=0.000  | WHS=N/A    | THS=N/A    |

Phase 5.1 Global Iteration 0 | Checksum: 2a22a413d

Time (s): cpu = 00:00:24 ; elapsed = 00:00:20 . Memory (MB): peak = 2155.145 ; gain = 106.816

Phase 5.2 Global Iteration 1
 Number of Nodes with overlaps = 0
INFO: [Route 35-416] Intermediate Timing Summary | WNS=6.914  | TNS=0.000  | WHS=N/A    | THS=N/A    |

Phase 5.2 Global Iteration 1 | Checksum: 1dcdf66ed

Time (s): cpu = 00:00:25 ; elapsed = 00:00:20 . Memory (MB): peak = 2155.145 ; gain = 106.816
Phase 5 Rip-up And Reroute | Checksum: 1dcdf66ed

Time (s): cpu = 00:00:25 ; elapsed = 00:00:20 . Memory (MB): peak = 2155.145 ; gain = 106.816

Phase 6 Delay and Skew Optimization

Phase 6.1 Delay CleanUp

Phase 6.1.1 Update Timing
Phase 6.1.1 Update Timing | Checksum: 2236fd248

Time (s): cpu = 00:00:25 ; elapsed = 00:00:20 . Memory (MB): peak = 2155.145 ; gain = 106.816
INFO: [Route 35-416] Intermediate Timing Summary | WNS=6.914  | TNS=0.000  | WHS=N/A    | THS=N/A    |

Phase 6.1 Delay CleanUp | Checksum: 2236fd248

Time (s): cpu = 00:00:25 ; elapsed = 00:00:20 . Memory (MB): peak = 2155.145 ; gain = 106.816

Phase 6.2 Clock Skew Optimization
Phase 6.2 Clock Skew Optimization | Checksum: 2236fd248

Time (s): cpu = 00:00:25 ; elapsed = 00:00:20 . Memory (MB): peak = 2155.145 ; gain = 106.816
Phase 6 Delay and Skew Optimization | Checksum: 2236fd248

Time (s): cpu = 00:00:25 ; elapsed = 00:00:20 . Memory (MB): peak = 2155.145 ; gain = 106.816

Phase 7 Post Hold Fix

Phase 7.1 Hold Fix Iter
INFO: [Route 35-416] Intermediate Timing Summary | WNS=6.914  | TNS=0.000  | WHS=0.050  | THS=0.000  |

Phase 7.1 Hold Fix Iter | Checksum: 1ed4cc240

Time (s): cpu = 00:00:26 ; elapsed = 00:00:21 . Memory (MB): peak = 2155.145 ; gain = 106.816
Phase 7 Post Hold Fix | Checksum: 1ed4cc240

Time (s): cpu = 00:00:26 ; elapsed = 00:00:21 . Memory (MB): peak = 2155.145 ; gain = 106.816

Phase 8 Route finalize

Router Utilization Summary
  Global Vertical Routing Utilization    = 5.75042 %
  Global Horizontal Routing Utilization  = 6.62316 %
  Routable Net Status*
  *Does not include unroutable nets such as driverless and loadless.
  Run report_route_status for detailed report.
  Number of Failed Nets               = 0
    (Failed Nets is the sum of unrouted and partially routed nets)
  Number of Unrouted Nets             = 0
  Number of Partially Routed Nets     = 0
  Number of Node Overlaps             = 0

Phase 8 Route finalize | Checksum: 1ed4cc240

Time (s): cpu = 00:00:26 ; elapsed = 00:00:21 . Memory (MB): peak = 2155.145 ; gain = 106.816

Phase 9 Verifying routed nets

 Verification completed successfully
Phase 9 Verifying routed nets | Checksum: 1ed4cc240

Time (s): cpu = 00:00:26 ; elapsed = 00:00:21 . Memory (MB): peak = 2155.145 ; gain = 106.816

Phase 10 Depositing Routes
Phase 10 Depositing Routes | Checksum: 21c4b22a9

Time (s): cpu = 00:00:27 ; elapsed = 00:00:22 . Memory (MB): peak = 2155.145 ; gain = 106.816

Phase 11 Post Process Routing
Phase 11 Post Process Routing | Checksum: 21c4b22a9

Time (s): cpu = 00:00:27 ; elapsed = 00:00:22 . Memory (MB): peak = 2155.145 ; gain = 106.816

Phase 12 Post Router Timing
INFO: [Route 35-57] Estimated Timing Summary | WNS=6.914  | TNS=0.000  | WHS=0.050  | THS=0.000  |

INFO: [Route 35-327] The final timing numbers are based on the router estimated timing analysis. For a complete and accurate timing signoff, please run report_timing_summary.
Phase 12 Post Router Timing | Checksum: 21c4b22a9

Time (s): cpu = 00:00:27 ; elapsed = 00:00:22 . Memory (MB): peak = 2155.145 ; gain = 106.816
Total Elapsed time in route_design: 21.757 secs

Phase 13 Post-Route Event Processing
Phase 13 Post-Route Event Processing | Checksum: 2a9fd75cc

Time (s): cpu = 00:00:27 ; elapsed = 00:00:22 . Memory (MB): peak = 2155.145 ; gain = 106.816
INFO: [Route 35-16] Router Completed Successfully
Ending Routing Task | Checksum: 2a9fd75cc

Time (s): cpu = 00:00:28 ; elapsed = 00:00:22 . Memory (MB): peak = 2155.145 ; gain = 106.816

Routing Is Done.
INFO: [Common 17-83] Releasing license: Implementation
103 Infos, 3 Warnings, 0 Critical Warnings and 0 Errors encountered.
route_design completed successfully
route_design: Time (s): cpu = 00:00:28 ; elapsed = 00:00:22 . Memory (MB): peak = 2155.145 ; gain = 106.816
INFO: [Vivado 12-24828] Executing command : report_drc -file aes_wrapper_drc_routed.rpt -pb aes_wrapper_drc_routed.pb -rpx aes_wrapper_drc_routed.rpx
Command: report_drc -file aes_wrapper_drc_routed.rpt -pb aes_wrapper_drc_routed.pb -rpx aes_wrapper_drc_routed.rpx
INFO: [IP_Flow 19-1839] IP Catalog is up to date.
INFO: [DRC 23-27] Running DRC with 2 threads
INFO: [Vivado_Tcl 2-168] The results of DRC are in file C:/proj/rijndael/rijndael.runs/impl_1/aes_wrapper_drc_routed.rpt.
report_drc completed successfully
INFO: [Vivado 12-24828] Executing command : report_methodology -file aes_wrapper_methodology_drc_routed.rpt -pb aes_wrapper_methodology_drc_routed.pb -rpx aes_wrapper_methodology_drc_routed.rpx
Command: report_methodology -file aes_wrapper_methodology_drc_routed.rpt -pb aes_wrapper_methodology_drc_routed.pb -rpx aes_wrapper_methodology_drc_routed.rpx
INFO: [Timing 38-35] Done setting XDC timing constraints.
INFO: [DRC 23-133] Running Methodology with 2 threads
INFO: [Vivado_Tcl 2-1520] The results of Report Methodology are in file C:/proj/rijndael/rijndael.runs/impl_1/aes_wrapper_methodology_drc_routed.rpt.
report_methodology completed successfully
INFO: [Vivado 12-24828] Executing command : report_timing_summary -max_paths 10 -routable_nets -report_unconstrained -file aes_wrapper_timing_summary_routed.rpt -pb aes_wrapper_timing_summary_routed.pb -rpx aes_wrapper_timing_summary_routed.rpx -warn_on_violation 
INFO: [Timing 38-35] Done setting XDC timing constraints.
INFO: [Timing 38-91] UpdateTimingParams: Speed grade: -1, Delay Type: min_max.
INFO: [Timing 38-191] Multithreading enabled for timing update using a maximum of 2 CPUs
INFO: [Vivado 12-24838] Running report commands "report_incremental_reuse, report_route_status" in parallel.
Running report generation with 2 threads.
INFO: [Vivado 12-24828] Executing command : report_incremental_reuse -file aes_wrapper_incremental_reuse_routed.rpt
INFO: [Vivado_Tcl 4-1062] Incremental flow is disabled. No incremental reuse Info to report.
INFO: [Vivado 12-24828] Executing command : report_route_status -file aes_wrapper_route_status.rpt -pb aes_wrapper_route_status.pb
INFO: [Vivado 12-24828] Executing command : report_power -file aes_wrapper_power_routed.rpt -pb aes_wrapper_power_summary_routed.pb -rpx aes_wrapper_power_routed.rpx
Command: report_power -file aes_wrapper_power_routed.rpt -pb aes_wrapper_power_summary_routed.pb -rpx aes_wrapper_power_routed.rpx
Running Vector-less Activity Propagation...

Finished Running Vector-less Activity Propagation
120 Infos, 3 Warnings, 0 Critical Warnings and 0 Errors encountered.
report_power completed successfully
INFO: [Vivado 12-24828] Executing command : report_clock_utilization -file aes_wrapper_clock_utilization_routed.rpt
INFO: [Vivado 12-24828] Executing command : report_bus_skew -warn_on_violation -file aes_wrapper_bus_skew_routed.rpt -pb aes_wrapper_bus_skew_routed.pb -rpx aes_wrapper_bus_skew_routed.rpx
INFO: [Timing 38-91] UpdateTimingParams: Speed grade: -1, Delay Type: min_max.
INFO: [Timing 38-191] Multithreading enabled for timing update using a maximum of 2 CPUs
generate_parallel_reports: Time (s): cpu = 00:00:22 ; elapsed = 00:00:14 . Memory (MB): peak = 2258.840 ; gain = 103.695
INFO: [Timing 38-480] Writing timing data to binary archive.
Write ShapeDB Complete: Time (s): cpu = 00:00:00 ; elapsed = 00:00:00.045 . Memory (MB): peak = 2292.535 ; gain = 15.797
Wrote PlaceDB: Time (s): cpu = 00:00:01 ; elapsed = 00:00:00.810 . Memory (MB): peak = 2296.164 ; gain = 19.426
Wrote PulsedLatchDB: Time (s): cpu = 00:00:00 ; elapsed = 00:00:00 . Memory (MB): peak = 2296.164 ; gain = 0.000
Writing XDEF routing.
Writing XDEF routing logical nets.
Writing XDEF routing special nets.
Wrote RouteStorage: Time (s): cpu = 00:00:00 ; elapsed = 00:00:00.108 . Memory (MB): peak = 2296.164 ; gain = 0.000
Wrote Netlist Cache: Time (s): cpu = 00:00:00 ; elapsed = 00:00:00.020 . Memory (MB): peak = 2296.164 ; gain = 0.000
Wrote Device Cache: Time (s): cpu = 00:00:00 ; elapsed = 00:00:00.010 . Memory (MB): peak = 2296.164 ; gain = 0.000
Write Physdb Complete: Time (s): cpu = 00:00:01 ; elapsed = 00:00:00.964 . Memory (MB): peak = 2296.164 ; gain = 19.426
INFO: [Common 17-1381] The checkpoint 'C:/proj/rijndael/rijndael.runs/impl_1/aes_wrapper_routed.dcp' has been generated.
INFO: [Common 17-206] Exiting Vivado at Fri May 29 15:09:14 2026...

*** Running vivado
    with args -log aes_wrapper.vdi -applog -m64 -product Vivado -messageDb vivado.pb -mode batch -source aes_wrapper.tcl -notrace



****** Vivado v2025.1 (64-bit)
  **** SW Build 6140274 on Thu May 22 00:12:29 MDT 2025
  **** IP Build 6138677 on Thu May 22 03:10:11 MDT 2025
  **** SharedData Build 6139179 on Tue May 20 17:58:58 MDT 2025
  **** Start of session at: Fri May 29 15:09:33 2026
    ** Copyright 1986-2022 Xilinx, Inc. All Rights Reserved.
    ** Copyright 2022-2025 Advanced Micro Devices, Inc. All Rights Reserved.

source aes_wrapper.tcl -notrace
Command: open_checkpoint aes_wrapper_routed.dcp
INFO: [Device 21-403] Loading part xc7z007sclg400-1
Netlist sorting complete. Time (s): cpu = 00:00:00 ; elapsed = 00:00:00.110 . Memory (MB): peak = 743.180 ; gain = 0.000
INFO: [Netlist 29-17] Analyzing 1663 Unisim elements for replacement
INFO: [Netlist 29-28] Unisim Transformation completed in 0 CPU seconds
INFO: [Project 1-479] Netlist was created with Vivado 2025.1
INFO: [Project 1-570] Preparing netlist for logic optimization
Read ShapeDB Complete: Time (s): cpu = 00:00:00 ; elapsed = 00:00:00.029 . Memory (MB): peak = 877.176 ; gain = 4.387
INFO: [Timing 38-478] Restoring timing data from binary archive.
INFO: [Timing 38-479] Binary timing data restore complete.
INFO: [Project 1-856] Restoring constraints from binary archive.
INFO: [Project 1-853] Binary constraint restore complete.
INFO: [Designutils 20-5722] Start Reading Physical Databases.
Reading placement.
Read Netlist Cache: Time (s): cpu = 00:00:00 ; elapsed = 00:00:00.013 . Memory (MB): peak = 1481.562 ; gain = 0.000
Reading placer database...
Read Device Cache: Time (s): cpu = 00:00:00 ; elapsed = 00:00:00.010 . Memory (MB): peak = 1481.562 ; gain = 0.000
Read PlaceDB: Time (s): cpu = 00:00:00 ; elapsed = 00:00:00.436 . Memory (MB): peak = 1486.602 ; gain = 5.039
Read PulsedLatchDB: Time (s): cpu = 00:00:00 ; elapsed = 00:00:00 . Memory (MB): peak = 1486.602 ; gain = 0.000
Reading routing.
Read RouteStorage: Time (s): cpu = 00:00:01 ; elapsed = 00:00:00.122 . Memory (MB): peak = 1494.270 ; gain = 7.668
Read Physdb Files: Time (s): cpu = 00:00:01 ; elapsed = 00:00:00.597 . Memory (MB): peak = 1494.270 ; gain = 12.707
Restored from archive | CPU: 1.000000 secs | Memory: 0.000000 MB |
Finished XDEF File Restore: Time (s): cpu = 00:00:01 ; elapsed = 00:00:00.630 . Memory (MB): peak = 1494.270 ; gain = 15.629
Netlist sorting complete. Time (s): cpu = 00:00:00 ; elapsed = 00:00:00.005 . Memory (MB): peak = 1494.270 ; gain = 0.000
INFO: [Project 1-111] Unisim Transformation Summary:
No Unisim elements were transformed.

INFO: [Project 1-604] Checkpoint was created with Vivado v2025.1 (64-bit) build 6140274
open_checkpoint: Time (s): cpu = 00:00:13 ; elapsed = 00:00:12 . Memory (MB): peak = 1499.969 ; gain = 1201.594
Command: write_bitstream -force aes_wrapper.bit
Attempting to get a license for feature 'Implementation' and/or device 'xc7z007s'
INFO: [Common 17-349] Got license for feature 'Implementation' and/or device 'xc7z007s'
Running DRC as a precondition to command write_bitstream
INFO: [IP_Flow 19-234] Refreshing IP repositories
INFO: [IP_Flow 19-1704] No user IP repositories specified
INFO: [IP_Flow 19-2313] Loaded Vivado IP repository 'F:/Xilinx/2025.1/Vivado/data/ip'.
INFO: [DRC 23-27] Running DRC with 2 threads
INFO: [Vivado 12-3199] DRC finished with 0 Errors
INFO: [Vivado 12-3200] Please refer to the DRC report (report_drc) for more information.
INFO: [Designutils 20-2272] Running write_bitstream with 2 threads.
Loading data files...
Loading site data...
Loading route data...
Processing options...
Creating bitmap...
Creating bitstream...
Writing bitstream ./aes_wrapper.bit...
INFO: [Vivado 12-1842] Bitgen Completed Successfully.
INFO: [Project 1-1876] WebTalk data collection is mandatory when using a ULT device. To see the specific WebTalk data collected for your design, open the usage_statistics_webtalk.html or usage_statistics_webtalk.xml file in the implementation directory.
INFO: [Common 17-83] Releasing license: Implementation
23 Infos, 0 Warnings, 0 Critical Warnings and 0 Errors encountered.
write_bitstream completed successfully
write_bitstream: Time (s): cpu = 00:00:17 ; elapsed = 00:00:12 . Memory (MB): peak = 2108.176 ; gain = 608.207
INFO: [Common 17-206] Exiting Vivado at Fri May 29 15:09:58 2026...
