
*** Running vivado
    with args -log aes_wrapper.vds -m64 -product Vivado -mode batch -messageDb vivado.pb -notrace -source aes_wrapper.tcl



****** Vivado v2025.1 (64-bit)
  **** SW Build 6140274 on Thu May 22 00:12:29 MDT 2025
  **** IP Build 6138677 on Thu May 22 03:10:11 MDT 2025
  **** SharedData Build 6139179 on Tue May 20 17:58:58 MDT 2025
  **** Start of session at: Fri May 29 15:05:20 2026
    ** Copyright 1986-2022 Xilinx, Inc. All Rights Reserved.
    ** Copyright 2022-2025 Advanced Micro Devices, Inc. All Rights Reserved.

source aes_wrapper.tcl -notrace
INFO: [IP_Flow 19-234] Refreshing IP repositories
INFO: [IP_Flow 19-1700] Loaded user IP repository 'c:/proj/rijndael/ip_repo/aes_core_1_0'.
WARNING: [IP_Flow 19-2207] Repository 'c:/proj/rijndael/ip_repo/aes_core_1_0' already exists; ignoring attempt to add it again.
INFO: [IP_Flow 19-1700] Loaded user IP repository 'c:/proj/rijndael/ip_repo/aes_core_1_0'.
WARNING: [IP_Flow 19-2207] Repository 'c:/proj/rijndael/ip_repo/aes_core_1_0' already exists; ignoring attempt to add it again.
INFO: [IP_Flow 19-1700] Loaded user IP repository 'c:/proj/rijndael/ip_repo/aes_core_1_0'.
WARNING: [IP_Flow 19-2248] Failed to load user IP repository 'c:/proj/ip_repo/aes_core_1_0'; Can't find the specified path.
If this directory should no longer be in your list of user repositories, go to the IP Settings dialog and remove it.
INFO: [IP_Flow 19-2313] Loaded Vivado IP repository 'F:/Xilinx/2025.1/Vivado/data/ip'.
Command: read_checkpoint -auto_incremental -incremental C:/proj/rijndael/rijndael.srcs/utils_1/imports/synth_1/aes_wrapper.dcp
INFO: [Vivado 12-5825] Read reference checkpoint from C:/proj/rijndael/rijndael.srcs/utils_1/imports/synth_1/aes_wrapper.dcp for incremental synthesis
INFO: [Vivado 12-7989] Please ensure there are no constraint changes
Command: synth_design -top aes_wrapper -part xc7z007sclg400-1
Starting synth_design
Attempting to get a license for feature 'Synthesis' and/or device 'xc7z007s'
INFO: [Common 17-349] Got license for feature 'Synthesis' and/or device 'xc7z007s'
INFO: [Device 21-403] Loading part xc7z007sclg400-1
INFO: [Designutils 20-5440] No compile time benefit to using incremental synthesis; A full resynthesis will be run
INFO: [Designutils 20-4379] Flow is switching to default flow due to incremental criteria not met. If you would like to alter this behaviour and have the flow terminate instead, please set the following parameter config_implementation {autoIncr.Synth.RejectBehavior Terminate}
INFO: [Synth 8-7079] Multithreading enabled for synth_design using a maximum of 2 processes.
INFO: [Synth 8-7078] Launching helper process for spawning children vivado processes
INFO: [Synth 8-7075] Helper process launched with PID 34340
---------------------------------------------------------------------------------
Starting RTL Elaboration : Time (s): cpu = 00:00:04 ; elapsed = 00:00:05 . Memory (MB): peak = 1253.832 ; gain = 494.172
---------------------------------------------------------------------------------
INFO: [Synth 8-6157] synthesizing module 'aes_wrapper' [C:/proj/rijndael/rijndael.gen/sources_1/bd/aes/hdl/aes_wrapper.v:13]
INFO: [Synth 8-6157] synthesizing module 'aes' [c:/proj/rijndael/rijndael.gen/sources_1/bd/aes/synth/aes.v:13]
INFO: [Synth 8-6157] synthesizing module 'aes_aes_core_0_2' [C:/proj/rijndael/rijndael.runs/synth_1/.Xil/Vivado-35052-convolution/realtime/aes_aes_core_0_2_stub.v:6]
INFO: [Synth 8-6155] done synthesizing module 'aes_aes_core_0_2' (0#1) [C:/proj/rijndael/rijndael.runs/synth_1/.Xil/Vivado-35052-convolution/realtime/aes_aes_core_0_2_stub.v:6]
INFO: [Synth 8-6157] synthesizing module 'aes_axi_smc_2' [C:/proj/rijndael/rijndael.runs/synth_1/.Xil/Vivado-35052-convolution/realtime/aes_axi_smc_2_stub.v:6]
INFO: [Synth 8-6155] done synthesizing module 'aes_axi_smc_2' (0#1) [C:/proj/rijndael/rijndael.runs/synth_1/.Xil/Vivado-35052-convolution/realtime/aes_axi_smc_2_stub.v:6]
INFO: [Synth 8-6157] synthesizing module 'aes_processing_system7_0_0' [C:/proj/rijndael/rijndael.runs/synth_1/.Xil/Vivado-35052-convolution/realtime/aes_processing_system7_0_0_stub.v:6]
INFO: [Synth 8-6155] done synthesizing module 'aes_processing_system7_0_0' (0#1) [C:/proj/rijndael/rijndael.runs/synth_1/.Xil/Vivado-35052-convolution/realtime/aes_processing_system7_0_0_stub.v:6]
WARNING: [Synth 8-7071] port 'USB0_PORT_INDCTL' of module 'aes_processing_system7_0_0' is unconnected for instance 'processing_system7_0' [c:/proj/rijndael/rijndael.gen/sources_1/bd/aes/synth/aes.v:222]
WARNING: [Synth 8-7071] port 'USB0_VBUS_PWRSELECT' of module 'aes_processing_system7_0_0' is unconnected for instance 'processing_system7_0' [c:/proj/rijndael/rijndael.gen/sources_1/bd/aes/synth/aes.v:222]
WARNING: [Synth 8-7023] instance 'processing_system7_0' of module 'aes_processing_system7_0_0' has 65 connections declared, but only 63 given [c:/proj/rijndael/rijndael.gen/sources_1/bd/aes/synth/aes.v:222]
INFO: [Synth 8-6157] synthesizing module 'aes_rst_ps7_0_50M_2' [C:/proj/rijndael/rijndael.runs/synth_1/.Xil/Vivado-35052-convolution/realtime/aes_rst_ps7_0_50M_2_stub.v:6]
INFO: [Synth 8-6155] done synthesizing module 'aes_rst_ps7_0_50M_2' (0#1) [C:/proj/rijndael/rijndael.runs/synth_1/.Xil/Vivado-35052-convolution/realtime/aes_rst_ps7_0_50M_2_stub.v:6]
WARNING: [Synth 8-7071] port 'mb_reset' of module 'aes_rst_ps7_0_50M_2' is unconnected for instance 'rst_ps7_0_50M' [c:/proj/rijndael/rijndael.gen/sources_1/bd/aes/synth/aes.v:286]
WARNING: [Synth 8-7071] port 'bus_struct_reset' of module 'aes_rst_ps7_0_50M_2' is unconnected for instance 'rst_ps7_0_50M' [c:/proj/rijndael/rijndael.gen/sources_1/bd/aes/synth/aes.v:286]
WARNING: [Synth 8-7071] port 'peripheral_reset' of module 'aes_rst_ps7_0_50M_2' is unconnected for instance 'rst_ps7_0_50M' [c:/proj/rijndael/rijndael.gen/sources_1/bd/aes/synth/aes.v:286]
WARNING: [Synth 8-7071] port 'interconnect_aresetn' of module 'aes_rst_ps7_0_50M_2' is unconnected for instance 'rst_ps7_0_50M' [c:/proj/rijndael/rijndael.gen/sources_1/bd/aes/synth/aes.v:286]
WARNING: [Synth 8-7023] instance 'rst_ps7_0_50M' of module 'aes_rst_ps7_0_50M_2' has 10 connections declared, but only 6 given [c:/proj/rijndael/rijndael.gen/sources_1/bd/aes/synth/aes.v:286]
INFO: [Synth 8-6155] done synthesizing module 'aes' (0#1) [c:/proj/rijndael/rijndael.gen/sources_1/bd/aes/synth/aes.v:13]
INFO: [Synth 8-6155] done synthesizing module 'aes_wrapper' (0#1) [C:/proj/rijndael/rijndael.gen/sources_1/bd/aes/hdl/aes_wrapper.v:13]
---------------------------------------------------------------------------------
Finished RTL Elaboration : Time (s): cpu = 00:00:05 ; elapsed = 00:00:06 . Memory (MB): peak = 1366.109 ; gain = 606.449
---------------------------------------------------------------------------------
---------------------------------------------------------------------------------
Start Handling Custom Attributes
---------------------------------------------------------------------------------
---------------------------------------------------------------------------------
Finished Handling Custom Attributes : Time (s): cpu = 00:00:05 ; elapsed = 00:00:06 . Memory (MB): peak = 1366.109 ; gain = 606.449
---------------------------------------------------------------------------------
---------------------------------------------------------------------------------
Finished RTL Optimization Phase 1 : Time (s): cpu = 00:00:05 ; elapsed = 00:00:06 . Memory (MB): peak = 1366.109 ; gain = 606.449
---------------------------------------------------------------------------------
Netlist sorting complete. Time (s): cpu = 00:00:00 ; elapsed = 00:00:00.003 . Memory (MB): peak = 1366.109 ; gain = 0.000
INFO: [Project 1-570] Preparing netlist for logic optimization

Processing XDC Constraints
Initializing timing engine
Parsing XDC File [c:/proj/rijndael/rijndael.gen/sources_1/bd/aes/ip/aes_processing_system7_0_0/aes_processing_system7_0_0/aes_processing_system7_0_0_in_context.xdc] for cell 'aes_i/processing_system7_0'
Finished Parsing XDC File [c:/proj/rijndael/rijndael.gen/sources_1/bd/aes/ip/aes_processing_system7_0_0/aes_processing_system7_0_0/aes_processing_system7_0_0_in_context.xdc] for cell 'aes_i/processing_system7_0'
Parsing XDC File [c:/proj/rijndael/rijndael.gen/sources_1/bd/aes/ip/aes_aes_core_0_2/aes_aes_core_0_2/aes_aes_core_0_2_in_context.xdc] for cell 'aes_i/aes_core_0'
Finished Parsing XDC File [c:/proj/rijndael/rijndael.gen/sources_1/bd/aes/ip/aes_aes_core_0_2/aes_aes_core_0_2/aes_aes_core_0_2_in_context.xdc] for cell 'aes_i/aes_core_0'
Parsing XDC File [c:/proj/rijndael/rijndael.gen/sources_1/bd/aes/ip/aes_axi_smc_2/aes_axi_smc_2/aes_axi_smc_2_in_context.xdc] for cell 'aes_i/axi_smc'
Finished Parsing XDC File [c:/proj/rijndael/rijndael.gen/sources_1/bd/aes/ip/aes_axi_smc_2/aes_axi_smc_2/aes_axi_smc_2_in_context.xdc] for cell 'aes_i/axi_smc'
Parsing XDC File [c:/proj/rijndael/rijndael.gen/sources_1/bd/aes/ip/aes_rst_ps7_0_50M_2/aes_rst_ps7_0_50M_2/aes_rst_ps7_0_50M_2_in_context.xdc] for cell 'aes_i/rst_ps7_0_50M'
Finished Parsing XDC File [c:/proj/rijndael/rijndael.gen/sources_1/bd/aes/ip/aes_rst_ps7_0_50M_2/aes_rst_ps7_0_50M_2/aes_rst_ps7_0_50M_2_in_context.xdc] for cell 'aes_i/rst_ps7_0_50M'
Parsing XDC File [C:/proj/rijndael/rijndael.srcs/constrs_1/imports/osc/Cora-Z7-07S-Master.xdc]
Finished Parsing XDC File [C:/proj/rijndael/rijndael.srcs/constrs_1/imports/osc/Cora-Z7-07S-Master.xdc]
Parsing XDC File [C:/proj/rijndael/rijndael.runs/synth_1/dont_touch.xdc]
Finished Parsing XDC File [C:/proj/rijndael/rijndael.runs/synth_1/dont_touch.xdc]
Completed Processing XDC Constraints

Netlist sorting complete. Time (s): cpu = 00:00:00 ; elapsed = 00:00:00 . Memory (MB): peak = 1366.109 ; gain = 0.000
INFO: [Project 1-111] Unisim Transformation Summary:
No Unisim elements were transformed.

Constraint Validation Runtime : Time (s): cpu = 00:00:00 ; elapsed = 00:00:00.031 . Memory (MB): peak = 1366.109 ; gain = 0.000
INFO: [Designutils 20-5440] No compile time benefit to using incremental synthesis; A full resynthesis will be run
INFO: [Designutils 20-4379] Flow is switching to default flow due to incremental criteria not met. If you would like to alter this behaviour and have the flow terminate instead, please set the following parameter config_implementation {autoIncr.Synth.RejectBehavior Terminate}
---------------------------------------------------------------------------------
Finished Constraint Validation : Time (s): cpu = 00:00:11 ; elapsed = 00:00:13 . Memory (MB): peak = 1366.109 ; gain = 606.449
---------------------------------------------------------------------------------
---------------------------------------------------------------------------------
Start Loading Part and Timing Information
---------------------------------------------------------------------------------
Loading part: xc7z007sclg400-1
---------------------------------------------------------------------------------
Finished Loading Part and Timing Information : Time (s): cpu = 00:00:11 ; elapsed = 00:00:13 . Memory (MB): peak = 1366.109 ; gain = 606.449
---------------------------------------------------------------------------------
---------------------------------------------------------------------------------
Start Applying 'set_property' XDC Constraints
---------------------------------------------------------------------------------
---------------------------------------------------------------------------------
Finished applying 'set_property' XDC Constraints : Time (s): cpu = 00:00:11 ; elapsed = 00:00:13 . Memory (MB): peak = 1366.109 ; gain = 606.449
---------------------------------------------------------------------------------
---------------------------------------------------------------------------------
Finished RTL Optimization Phase 2 : Time (s): cpu = 00:00:11 ; elapsed = 00:00:13 . Memory (MB): peak = 1366.109 ; gain = 606.449
---------------------------------------------------------------------------------
---------------------------------------------------------------------------------
Start RTL Component Statistics 
---------------------------------------------------------------------------------
Detailed RTL Component Info : 
---------------------------------------------------------------------------------
Finished RTL Component Statistics 
---------------------------------------------------------------------------------
---------------------------------------------------------------------------------
Start Part Resource Summary
---------------------------------------------------------------------------------
Part Resources:
DSPs: 66 (col length:40)
BRAMs: 100 (col length: RAMB18 40 RAMB36 20)
---------------------------------------------------------------------------------
Finished Part Resource Summary
---------------------------------------------------------------------------------
---------------------------------------------------------------------------------
Start Cross Boundary and Area Optimization
---------------------------------------------------------------------------------
WARNING: [Synth 8-7080] Parallel synthesis criteria is not met
---------------------------------------------------------------------------------
Finished Cross Boundary and Area Optimization : Time (s): cpu = 00:00:13 ; elapsed = 00:00:15 . Memory (MB): peak = 1371.859 ; gain = 612.199
---------------------------------------------------------------------------------
---------------------------------------------------------------------------------
Start Applying XDC Timing Constraints
---------------------------------------------------------------------------------
---------------------------------------------------------------------------------
Finished Applying XDC Timing Constraints : Time (s): cpu = 00:00:16 ; elapsed = 00:00:18 . Memory (MB): peak = 1546.832 ; gain = 787.172
---------------------------------------------------------------------------------
---------------------------------------------------------------------------------
Start Timing Optimization
---------------------------------------------------------------------------------
---------------------------------------------------------------------------------
Finished Timing Optimization : Time (s): cpu = 00:00:16 ; elapsed = 00:00:18 . Memory (MB): peak = 1547.055 ; gain = 787.395
---------------------------------------------------------------------------------
---------------------------------------------------------------------------------
Start Technology Mapping
---------------------------------------------------------------------------------
---------------------------------------------------------------------------------
Finished Technology Mapping : Time (s): cpu = 00:00:16 ; elapsed = 00:00:18 . Memory (MB): peak = 1556.855 ; gain = 797.195
---------------------------------------------------------------------------------
---------------------------------------------------------------------------------
Start IO Insertion
---------------------------------------------------------------------------------
---------------------------------------------------------------------------------
Start Flattening Before IO Insertion
---------------------------------------------------------------------------------
---------------------------------------------------------------------------------
Finished Flattening Before IO Insertion
---------------------------------------------------------------------------------
---------------------------------------------------------------------------------
Start Final Netlist Cleanup
---------------------------------------------------------------------------------
---------------------------------------------------------------------------------
Finished Final Netlist Cleanup
---------------------------------------------------------------------------------
---------------------------------------------------------------------------------
Finished IO Insertion : Time (s): cpu = 00:00:19 ; elapsed = 00:00:21 . Memory (MB): peak = 1791.852 ; gain = 1032.191
---------------------------------------------------------------------------------
---------------------------------------------------------------------------------
Start Renaming Generated Instances
---------------------------------------------------------------------------------
---------------------------------------------------------------------------------
Finished Renaming Generated Instances : Time (s): cpu = 00:00:19 ; elapsed = 00:00:21 . Memory (MB): peak = 1791.852 ; gain = 1032.191
---------------------------------------------------------------------------------
---------------------------------------------------------------------------------
Start Rebuilding User Hierarchy
---------------------------------------------------------------------------------
---------------------------------------------------------------------------------
Finished Rebuilding User Hierarchy : Time (s): cpu = 00:00:19 ; elapsed = 00:00:21 . Memory (MB): peak = 1791.852 ; gain = 1032.191
---------------------------------------------------------------------------------
---------------------------------------------------------------------------------
Start Renaming Generated Ports
---------------------------------------------------------------------------------
---------------------------------------------------------------------------------
Finished Renaming Generated Ports : Time (s): cpu = 00:00:19 ; elapsed = 00:00:21 . Memory (MB): peak = 1791.852 ; gain = 1032.191
---------------------------------------------------------------------------------
---------------------------------------------------------------------------------
Start Handling Custom Attributes
---------------------------------------------------------------------------------
---------------------------------------------------------------------------------
Finished Handling Custom Attributes : Time (s): cpu = 00:00:19 ; elapsed = 00:00:21 . Memory (MB): peak = 1791.852 ; gain = 1032.191
---------------------------------------------------------------------------------
---------------------------------------------------------------------------------
Start Renaming Generated Nets
---------------------------------------------------------------------------------
---------------------------------------------------------------------------------
Finished Renaming Generated Nets : Time (s): cpu = 00:00:19 ; elapsed = 00:00:21 . Memory (MB): peak = 1791.852 ; gain = 1032.191
---------------------------------------------------------------------------------
---------------------------------------------------------------------------------
Start Writing Synthesis Report
---------------------------------------------------------------------------------

Report BlackBoxes: 
+------+---------------------------+----------+
|      |BlackBox name              |Instances |
+------+---------------------------+----------+
|1     |aes_aes_core_0_2           |         1|
|2     |aes_axi_smc_2              |         1|
|3     |aes_processing_system7_0_0 |         1|
|4     |aes_rst_ps7_0_50M_2        |         1|
+------+---------------------------+----------+

Report Cell Usage: 
+------+-------------------------+------+
|      |Cell                     |Count |
+------+-------------------------+------+
|1     |aes_aes_core_0           |     1|
|2     |aes_axi_smc              |     1|
|3     |aes_processing_system7_0 |     1|
|4     |aes_rst_ps7_0_50M        |     1|
+------+-------------------------+------+
---------------------------------------------------------------------------------
Finished Writing Synthesis Report : Time (s): cpu = 00:00:19 ; elapsed = 00:00:21 . Memory (MB): peak = 1791.852 ; gain = 1032.191
---------------------------------------------------------------------------------
Synthesis finished with 0 errors, 0 critical warnings and 1 warnings.
Synthesis Optimization Runtime : Time (s): cpu = 00:00:14 ; elapsed = 00:00:20 . Memory (MB): peak = 1791.852 ; gain = 1032.191
Synthesis Optimization Complete : Time (s): cpu = 00:00:20 ; elapsed = 00:00:22 . Memory (MB): peak = 1791.852 ; gain = 1032.191
INFO: [Project 1-571] Translating synthesized netlist
Netlist sorting complete. Time (s): cpu = 00:00:00 ; elapsed = 00:00:00.002 . Memory (MB): peak = 1791.852 ; gain = 0.000
INFO: [Project 1-570] Preparing netlist for logic optimization
INFO: [Opt 31-138] Pushed 0 inverter(s) to 0 load pin(s).
Netlist sorting complete. Time (s): cpu = 00:00:00 ; elapsed = 00:00:00 . Memory (MB): peak = 1804.617 ; gain = 0.000
INFO: [Project 1-111] Unisim Transformation Summary:
No Unisim elements were transformed.

Synth Design complete | Checksum: f54394fc
INFO: [Common 17-83] Releasing license: Synthesis
35 Infos, 12 Warnings, 0 Critical Warnings and 0 Errors encountered.
synth_design completed successfully
synth_design: Time (s): cpu = 00:00:23 ; elapsed = 00:00:27 . Memory (MB): peak = 1808.613 ; gain = 1260.094
INFO: [Common 17-1381] The checkpoint 'C:/proj/rijndael/rijndael.runs/synth_1/aes_wrapper.dcp' has been generated.
INFO: [Vivado 12-24828] Executing command : report_utilization -file aes_wrapper_utilization_synth.rpt -pb aes_wrapper_utilization_synth.pb
INFO: [Common 17-206] Exiting Vivado at Fri May 29 15:06:01 2026...
